[2017-01-01 15:48:40] local.ERROR: exception 'RuntimeException' with message 'The only supported ciphers are AES-128-CBC and AES-256-CBC with the correct key lengths.' in /opt/lampp/htdocs/mannequin/vendor/laravel/framework/src/Illuminate/Encryption/Encrypter.php:43
Stack trace:
#0 /opt/lampp/htdocs/mannequin/vendor/laravel/framework/src/Illuminate/Encryption/EncryptionServiceProvider.php(27): Illuminate\Encryption\Encrypter->__construct('SomeRandomStrin...', 'AES-256-CBC')
#1 /opt/lampp/htdocs/mannequin/vendor/laravel/framework/src/Illuminate/Container/Container.php(746): Illuminate\Encryption\EncryptionServiceProvider->Illuminate\Encryption\{closure}(Object(Illuminate\Foundation\Application), Array)
#2 /opt/lampp/htdocs/mannequin/vendor/laravel/framework/src/Illuminate/Container/Container.php(644): Illuminate\Container\Container->build(Object(Closure), Array)
#3 /opt/lampp/htdocs/mannequin/vendor/laravel/framework/src/Illuminate/Foundation/Application.php(709): Illuminate\Container\Container->make('encrypter', Array)
#4 /opt/lampp/htdocs/mannequin/vendor/laravel/framework/src/Illuminate/Container/Container.php(864): Illuminate\Foundation\Application->make('Illuminate\\Cont...')
#5 /opt/lampp/htdocs/mannequin/vendor/laravel/framework/src/Illuminate/Container/Container.php(819): Illuminate\Container\Container->resolveClass(Object(ReflectionParameter))
#6 /opt/lampp/htdocs/mannequin/vendor/laravel/framework/src/Illuminate/Container/Container.php(790): Illuminate\Container\Container->getDependencies(Array, Array)
#7 /opt/lampp/htdocs/mannequin/vendor/laravel/framework/src/Illuminate/Container/Container.php(644): Illuminate\Container\Container->build('App\\Http\\Middle...', Array)
#8 /opt/lampp/htdocs/mannequin/vendor/laravel/framework/src/Illuminate/Foundation/Application.php(709): Illuminate\Container\Container->make('App\\Http\\Middle...', Array)
#9 /opt/lampp/htdocs/mannequin/vendor/laravel/framework/src/Illuminate/Pipeline/Pipeline.php(127): Illuminate\Foundation\Application->make('App\\Http\\Middle...')
#10 /opt/lampp/htdocs/mannequin/vendor/laravel/framework/src/Illuminate/Routing/Pipeline.php(33): Illuminate\Pipeline\Pipeline->Illuminate\Pipeline\{closure}(Object(Illuminate\Http\Request))
#11 /opt/lampp/htdocs/mannequin/vendor/laravel/framework/src/Illuminate/Pipeline/Pipeline.php(104): Illuminate\Routing\Pipeline->Illuminate\Routing\{closure}(Object(Illuminate\Http\Request))
#12 /opt/lampp/htdocs/mannequin/vendor/laravel/framework/src/Illuminate/Routing/Router.php(644): Illuminate\Pipeline\Pipeline->then(Object(Closure))
#13 /opt/lampp/htdocs/mannequin/vendor/laravel/framework/src/Illuminate/Routing/Router.php(618): Illuminate\Routing\Router->runRouteWithinStack(Object(Illuminate\Routing\Route), Object(Illuminate\Http\Request))
#14 /opt/lampp/htdocs/mannequin/vendor/laravel/framework/src/Illuminate/Routing/Router.php(596): Illuminate\Routing\Router->dispatchToRoute(Object(Illuminate\Http\Request))
#15 /opt/lampp/htdocs/mannequin/vendor/laravel/framework/src/Illuminate/Foundation/Http/Kernel.php(268): Illuminate\Routing\Router->dispatch(Object(Illuminate\Http\Request))
#16 /opt/lampp/htdocs/mannequin/vendor/laravel/framework/src/Illuminate/Routing/Pipeline.php(53): Illuminate\Foundation\Http\Kernel->Illuminate\Foundation\Http\{closure}(Object(Illuminate\Http\Request))
#17 /opt/lampp/htdocs/mannequin/vendor/barryvdh/laravel-debugbar/src/Middleware/Debugbar.php(51): Illuminate\Routing\Pipeline->Illuminate\Routing\{closure}(Object(Illuminate\Http\Request))
#18 /opt/lampp/htdocs/mannequin/vendor/laravel/framework/src/Illuminate/Pipeline/Pipeline.php(137): Barryvdh\Debugbar\Middleware\Debugbar->handle(Object(Illuminate\Http\Request), Object(Closure))
#19 /opt/lampp/htdocs/mannequin/vendor/laravel/framework/src/Illuminate/Routing/Pipeline.php(33): Illuminate\Pipeline\Pipeline->Illuminate\Pipeline\{closure}(Object(Illuminate\Http\Request))
#20 /opt/lampp/htdocs/mannequin/app/Http/Middleware/SecurityHeaders.php(17): Illuminate\Routing\Pipeline->Illuminate\Routing\{closure}(Object(Illuminate\Http\Request))
#21 /opt/lampp/htdocs/mannequin/vendor/laravel/framework/src/Illuminate/Pipeline/Pipeline.php(137): App\Http\Middleware\SecurityHeaders->handle(Object(Illuminate\Http\Request), Object(Closure))
#22 /opt/lampp/htdocs/mannequin/vendor/laravel/framework/src/Illuminate/Routing/Pipeline.php(33): Illuminate\Pipeline\Pipeline->Illuminate\Pipeline\{closure}(Object(Illuminate\Http\Request))
#23 /opt/lampp/htdocs/mannequin/vendor/laravel/framework/src/Illuminate/Foundation/Http/Middleware/CheckForMaintenanceMode.php(46): Illuminate\Routing\Pipeline->Illuminate\Routing\{closure}(Object(Illuminate\Http\Request))
#24 /opt/lampp/htdocs/mannequin/vendor/laravel/framework/src/Illuminate/Pipeline/Pipeline.php(137): Illuminate\Foundation\Http\Middleware\CheckForMaintenanceMode->handle(Object(Illuminate\Http\Request), Object(Closure))
#25 /opt/lampp/htdocs/mannequin/vendor/laravel/framework/src/Illuminate/Routing/Pipeline.php(33): Illuminate\Pipeline\Pipeline->Illuminate\Pipeline\{closure}(Object(Illuminate\Http\Request))
#26 /opt/lampp/htdocs/mannequin/vendor/laravel/framework/src/Illuminate/Pipeline/Pipeline.php(104): Illuminate\Routing\Pipeline->Illuminate\Routing\{closure}(Object(Illuminate\Http\Request))
#27 /opt/lampp/htdocs/mannequin/vendor/laravel/framework/src/Illuminate/Foundation/Http/Kernel.php(150): Illuminate\Pipeline\Pipeline->then(Object(Closure))
#28 /opt/lampp/htdocs/mannequin/vendor/laravel/framework/src/Illuminate/Foundation/Http/Kernel.php(117): Illuminate\Foundation\Http\Kernel->sendRequestThroughRouter(Object(Illuminate\Http\Request))
#29 /opt/lampp/htdocs/mannequin/public/index.php(53): Illuminate\Foundation\Http\Kernel->handle(Object(Illuminate\Http\Request))
#30 /opt/lampp/htdocs/mannequin/server.php(21): require_once('/opt/lampp/htdo...')
#31 {main}  
[2017-01-01 15:48:40] local.ERROR: exception 'RuntimeException' with message 'The only supported ciphers are AES-128-CBC and AES-256-CBC with the correct key lengths.' in /opt/lampp/htdocs/mannequin/vendor/laravel/framework/src/Illuminate/Encryption/Encrypter.php:43
Stack trace:
#0 /opt/lampp/htdocs/mannequin/vendor/laravel/framework/src/Illuminate/Encryption/EncryptionServiceProvider.php(27): Illuminate\Encryption\Encrypter->__construct('SomeRandomStrin...', 'AES-256-CBC')
#1 /opt/lampp/htdocs/mannequin/vendor/laravel/framework/src/Illuminate/Container/Container.php(746): Illuminate\Encryption\EncryptionServiceProvider->Illuminate\Encryption\{closure}(Object(Illuminate\Foundation\Application), Array)
#2 /opt/lampp/htdocs/mannequin/vendor/laravel/framework/src/Illuminate/Container/Container.php(644): Illuminate\Container\Container->build(Object(Closure), Array)
#3 /opt/lampp/htdocs/mannequin/vendor/laravel/framework/src/Illuminate/Foundation/Application.php(709): Illuminate\Container\Container->make('encrypter', Array)
#4 /opt/lampp/htdocs/mannequin/vendor/laravel/framework/src/Illuminate/Container/Container.php(864): Illuminate\Foundation\Application->make('Illuminate\\Cont...')
#5 /opt/lampp/htdocs/mannequin/vendor/laravel/framework/src/Illuminate/Container/Container.php(819): Illuminate\Container\Container->resolveClass(Object(ReflectionParameter))
#6 /opt/lampp/htdocs/mannequin/vendor/laravel/framework/src/Illuminate/Container/Container.php(790): Illuminate\Container\Container->getDependencies(Array, Array)
#7 /opt/lampp/htdocs/mannequin/vendor/laravel/framework/src/Illuminate/Container/Container.php(644): Illuminate\Container\Container->build('App\\Http\\Middle...', Array)
#8 /opt/lampp/htdocs/mannequin/vendor/laravel/framework/src/Illuminate/Foundation/Application.php(709): Illuminate\Container\Container->make('App\\Http\\Middle...', Array)
#9 /opt/lampp/htdocs/mannequin/vendor/laravel/framework/src/Illuminate/Foundation/Http/Kernel.php(174): Illuminate\Foundation\Application->make('App\\Http\\Middle...')
#10 /opt/lampp/htdocs/mannequin/public/index.php(57): Illuminate\Foundation\Http\Kernel->terminate(Object(Illuminate\Http\Request), Object(Illuminate\Http\Response))
#11 /opt/lampp/htdocs/mannequin/server.php(21): require_once('/opt/lampp/htdo...')
#12 {main}  
[2017-01-01 15:52:33] local.ERROR: exception 'Symfony\Component\Console\Exception\CommandNotFoundException' with message 'Command "db:seeder" is not defined.

Did you mean one of these?
    make:seeder
    db:seed' in /opt/lampp/htdocs/mannequin/vendor/symfony/console/Application.php:536
Stack trace:
#0 /opt/lampp/htdocs/mannequin/vendor/symfony/console/Application.php(184): Symfony\Component\Console\Application->find('db:seeder')
#1 /opt/lampp/htdocs/mannequin/vendor/symfony/console/Application.php(118): Symfony\Component\Console\Application->doRun(Object(Symfony\Component\Console\Input\ArgvInput), Object(Symfony\Component\Console\Output\ConsoleOutput))
#2 /opt/lampp/htdocs/mannequin/vendor/laravel/framework/src/Illuminate/Foundation/Console/Kernel.php(121): Symfony\Component\Console\Application->run(Object(Symfony\Component\Console\Input\ArgvInput), Object(Symfony\Component\Console\Output\ConsoleOutput))
#3 /opt/lampp/htdocs/mannequin/artisan(36): Illuminate\Foundation\Console\Kernel->handle(Object(Symfony\Component\Console\Input\ArgvInput), Object(Symfony\Component\Console\Output\ConsoleOutput))
#4 {main}  
[2017-01-01 15:52:41] local.ERROR: exception 'PDOException' with message 'SQLSTATE[42S02]: Base table or view not found: 1146 Table 'mannequin.categories' doesn't exist' in /opt/lampp/htdocs/mannequin/vendor/doctrine/dbal/lib/Doctrine/DBAL/Driver/PDOConnection.php:77
Stack trace:
#0 /opt/lampp/htdocs/mannequin/vendor/doctrine/dbal/lib/Doctrine/DBAL/Driver/PDOConnection.php(77): PDO->prepare('delete from `ca...', Array)
#1 /opt/lampp/htdocs/mannequin/vendor/laravel/framework/src/Illuminate/Database/Connection.php(500): Doctrine\DBAL\Driver\PDOConnection->prepare('delete from `ca...')
#2 /opt/lampp/htdocs/mannequin/vendor/laravel/framework/src/Illuminate/Database/Connection.php(762): Illuminate\Database\Connection->Illuminate\Database\{closure}(Object(Illuminate\Database\MySqlConnection), 'delete from `ca...', Array)
#3 /opt/lampp/htdocs/mannequin/vendor/laravel/framework/src/Illuminate/Database/Connection.php(725): Illuminate\Database\Connection->runQueryCallback('delete from `ca...', Array, Object(Closure))
#4 /opt/lampp/htdocs/mannequin/vendor/laravel/framework/src/Illuminate/Database/Connection.php(507): Illuminate\Database\Connection->run('delete from `ca...', Array, Object(Closure))
#5 /opt/lampp/htdocs/mannequin/vendor/laravel/framework/src/Illuminate/Database/Connection.php(458): Illuminate\Database\Connection->affectingStatement('delete from `ca...', Array)
#6 /opt/lampp/htdocs/mannequin/vendor/laravel/framework/src/Illuminate/Database/Query/Builder.php(2245): Illuminate\Database\Connection->delete('delete from `ca...', Array)
#7 /opt/lampp/htdocs/mannequin/database/seeds/CSVTableSeeder.php(16): Illuminate\Database\Query\Builder->delete()
#8 /opt/lampp/htdocs/mannequin/vendor/laravel/framework/src/Illuminate/Database/Seeder.php(39): CSVSeeder->run()
#9 /opt/lampp/htdocs/mannequin/database/seeds/DatabaseSeeder.php(16): Illuminate\Database\Seeder->call('CategoryTableSe...')
#10 /opt/lampp/htdocs/mannequin/vendor/laravel/framework/src/Illuminate/Database/Console/Seeds/SeedCommand.php(63): DatabaseSeeder->run()
#11 /opt/lampp/htdocs/mannequin/vendor/laravel/framework/src/Illuminate/Database/Eloquent/Model.php(2279): Illuminate\Database\Console\Seeds\SeedCommand->Illuminate\Database\Console\Seeds\{closure}()
#12 /opt/lampp/htdocs/mannequin/vendor/laravel/framework/src/Illuminate/Database/Console/Seeds/SeedCommand.php(64): Illuminate\Database\Eloquent\Model::unguarded(Object(Closure))
#13 [internal function]: Illuminate\Database\Console\Seeds\SeedCommand->fire()
#14 /opt/lampp/htdocs/mannequin/vendor/laravel/framework/src/Illuminate/Container/Container.php(508): call_user_func_array(Array, Array)
#15 /opt/lampp/htdocs/mannequin/vendor/laravel/framework/src/Illuminate/Console/Command.php(169): Illuminate\Container\Container->call(Array)
#16 /opt/lampp/htdocs/mannequin/vendor/symfony/console/Command/Command.php(254): Illuminate\Console\Command->execute(Object(Symfony\Component\Console\Input\ArgvInput), Object(Symfony\Component\Console\Output\ConsoleOutput))
#17 /opt/lampp/htdocs/mannequin/vendor/laravel/framework/src/Illuminate/Console/Command.php(155): Symfony\Component\Console\Command\Command->run(Object(Symfony\Component\Console\Input\ArgvInput), Object(Symfony\Component\Console\Output\ConsoleOutput))
#18 /opt/lampp/htdocs/mannequin/vendor/symfony/console/Application.php(820): Illuminate\Console\Command->run(Object(Symfony\Component\Console\Input\ArgvInput), Object(Symfony\Component\Console\Output\ConsoleOutput))
#19 /opt/lampp/htdocs/mannequin/vendor/symfony/console/Application.php(187): Symfony\Component\Console\Application->doRunCommand(Object(Illuminate\Database\Console\Seeds\SeedCommand), Object(Symfony\Component\Console\Input\ArgvInput), Object(Symfony\Component\Console\Output\ConsoleOutput))
#20 /opt/lampp/htdocs/mannequin/vendor/symfony/console/Application.php(118): Symfony\Component\Console\Application->doRun(Object(Symfony\Component\Console\Input\ArgvInput), Object(Symfony\Component\Console\Output\ConsoleOutput))
#21 /opt/lampp/htdocs/mannequin/vendor/laravel/framework/src/Illuminate/Foundation/Console/Kernel.php(121): Symfony\Component\Console\Application->run(Object(Symfony\Component\Console\Input\ArgvInput), Object(Symfony\Component\Console\Output\ConsoleOutput))
#22 /opt/lampp/htdocs/mannequin/artisan(36): Illuminate\Foundation\Console\Kernel->handle(Object(Symfony\Component\Console\Input\ArgvInput), Object(Symfony\Component\Console\Output\ConsoleOutput))
#23 {main}

Next exception 'Doctrine\DBAL\Driver\PDOException' with message 'SQLSTATE[42S02]: Base table or view not found: 1146 Table 'mannequin.categories' doesn't exist' in /opt/lampp/htdocs/mannequin/vendor/doctrine/dbal/lib/Doctrine/DBAL/Driver/PDOConnection.php:79
Stack trace:
#0 /opt/lampp/htdocs/mannequin/vendor/laravel/framework/src/Illuminate/Database/Connection.php(500): Doctrine\DBAL\Driver\PDOConnection->prepare('delete from `ca...')
#1 /opt/lampp/htdocs/mannequin/vendor/laravel/framework/src/Illuminate/Database/Connection.php(762): Illuminate\Database\Connection->Illuminate\Database\{closure}(Object(Illuminate\Database\MySqlConnection), 'delete from `ca...', Array)
#2 /opt/lampp/htdocs/mannequin/vendor/laravel/framework/src/Illuminate/Database/Connection.php(725): Illuminate\Database\Connection->runQueryCallback('delete from `ca...', Array, Object(Closure))
#3 /opt/lampp/htdocs/mannequin/vendor/laravel/framework/src/Illuminate/Database/Connection.php(507): Illuminate\Database\Connection->run('delete from `ca...', Array, Object(Closure))
#4 /opt/lampp/htdocs/mannequin/vendor/laravel/framework/src/Illuminate/Database/Connection.php(458): Illuminate\Database\Connection->affectingStatement('delete from `ca...', Array)
#5 /opt/lampp/htdocs/mannequin/vendor/laravel/framework/src/Illuminate/Database/Query/Builder.php(2245): Illuminate\Database\Connection->delete('delete from `ca...', Array)
#6 /opt/lampp/htdocs/mannequin/database/seeds/CSVTableSeeder.php(16): Illuminate\Database\Query\Builder->delete()
#7 /opt/lampp/htdocs/mannequin/vendor/laravel/framework/src/Illuminate/Database/Seeder.php(39): CSVSeeder->run()
#8 /opt/lampp/htdocs/mannequin/database/seeds/DatabaseSeeder.php(16): Illuminate\Database\Seeder->call('CategoryTableSe...')
#9 /opt/lampp/htdocs/mannequin/vendor/laravel/framework/src/Illuminate/Database/Console/Seeds/SeedCommand.php(63): DatabaseSeeder->run()
#10 /opt/lampp/htdocs/mannequin/vendor/laravel/framework/src/Illuminate/Database/Eloquent/Model.php(2279): Illuminate\Database\Console\Seeds\SeedCommand->Illuminate\Database\Console\Seeds\{closure}()
#11 /opt/lampp/htdocs/mannequin/vendor/laravel/framework/src/Illuminate/Database/Console/Seeds/SeedCommand.php(64): Illuminate\Database\Eloquent\Model::unguarded(Object(Closure))
#12 [internal function]: Illuminate\Database\Console\Seeds\SeedCommand->fire()
#13 /opt/lampp/htdocs/mannequin/vendor/laravel/framework/src/Illuminate/Container/Container.php(508): call_user_func_array(Array, Array)
#14 /opt/lampp/htdocs/mannequin/vendor/laravel/framework/src/Illuminate/Console/Command.php(169): Illuminate\Container\Container->call(Array)
#15 /opt/lampp/htdocs/mannequin/vendor/symfony/console/Command/Command.php(254): Illuminate\Console\Command->execute(Object(Symfony\Component\Console\Input\ArgvInput), Object(Symfony\Component\Console\Output\ConsoleOutput))
#16 /opt/lampp/htdocs/mannequin/vendor/laravel/framework/src/Illuminate/Console/Command.php(155): Symfony\Component\Console\Command\Command->run(Object(Symfony\Component\Console\Input\ArgvInput), Object(Symfony\Component\Console\Output\ConsoleOutput))
#17 /opt/lampp/htdocs/mannequin/vendor/symfony/console/Application.php(820): Illuminate\Console\Command->run(Object(Symfony\Component\Console\Input\ArgvInput), Object(Symfony\Component\Console\Output\ConsoleOutput))
#18 /opt/lampp/htdocs/mannequin/vendor/symfony/console/Application.php(187): Symfony\Component\Console\Application->doRunCommand(Object(Illuminate\Database\Console\Seeds\SeedCommand), Object(Symfony\Component\Console\Input\ArgvInput), Object(Symfony\Component\Console\Output\ConsoleOutput))
#19 /opt/lampp/htdocs/mannequin/vendor/symfony/console/Application.php(118): Symfony\Component\Console\Application->doRun(Object(Symfony\Component\Console\Input\ArgvInput), Object(Symfony\Component\Console\Output\ConsoleOutput))
#20 /opt/lampp/htdocs/mannequin/vendor/laravel/framework/src/Illuminate/Foundation/Console/Kernel.php(121): Symfony\Component\Console\Application->run(Object(Symfony\Component\Console\Input\ArgvInput), Object(Symfony\Component\Console\Output\ConsoleOutput))
#21 /opt/lampp/htdocs/mannequin/artisan(36): Illuminate\Foundation\Console\Kernel->handle(Object(Symfony\Component\Console\Input\ArgvInput), Object(Symfony\Component\Console\Output\ConsoleOutput))
#22 {main}

Next exception 'Illuminate\Database\QueryException' with message 'SQLSTATE[42S02]: Base table or view not found: 1146 Table 'mannequin.categories' doesn't exist (SQL: delete from `categories`)' in /opt/lampp/htdocs/mannequin/vendor/laravel/framework/src/Illuminate/Database/Connection.php:769
Stack trace:
#0 /opt/lampp/htdocs/mannequin/vendor/laravel/framework/src/Illuminate/Database/Connection.php(725): Illuminate\Database\Connection->runQueryCallback('delete from `ca...', Array, Object(Closure))
#1 /opt/lampp/htdocs/mannequin/vendor/laravel/framework/src/Illuminate/Database/Connection.php(507): Illuminate\Database\Connection->run('delete from `ca...', Array, Object(Closure))
#2 /opt/lampp/htdocs/mannequin/vendor/laravel/framework/src/Illuminate/Database/Connection.php(458): Illuminate\Database\Connection->affectingStatement('delete from `ca...', Array)
#3 /opt/lampp/htdocs/mannequin/vendor/laravel/framework/src/Illuminate/Database/Query/Builder.php(2245): Illuminate\Database\Connection->delete('delete from `ca...', Array)
#4 /opt/lampp/htdocs/mannequin/database/seeds/CSVTableSeeder.php(16): Illuminate\Database\Query\Builder->delete()
#5 /opt/lampp/htdocs/mannequin/vendor/laravel/framework/src/Illuminate/Database/Seeder.php(39): CSVSeeder->run()
#6 /opt/lampp/htdocs/mannequin/database/seeds/DatabaseSeeder.php(16): Illuminate\Database\Seeder->call('CategoryTableSe...')
#7 /opt/lampp/htdocs/mannequin/vendor/laravel/framework/src/Illuminate/Database/Console/Seeds/SeedCommand.php(63): DatabaseSeeder->run()
#8 /opt/lampp/htdocs/mannequin/vendor/laravel/framework/src/Illuminate/Database/Eloquent/Model.php(2279): Illuminate\Database\Console\Seeds\SeedCommand->Illuminate\Database\Console\Seeds\{closure}()
#9 /opt/lampp/htdocs/mannequin/vendor/laravel/framework/src/Illuminate/Database/Console/Seeds/SeedCommand.php(64): Illuminate\Database\Eloquent\Model::unguarded(Object(Closure))
#10 [internal function]: Illuminate\Database\Console\Seeds\SeedCommand->fire()
#11 /opt/lampp/htdocs/mannequin/vendor/laravel/framework/src/Illuminate/Container/Container.php(508): call_user_func_array(Array, Array)
#12 /opt/lampp/htdocs/mannequin/vendor/laravel/framework/src/Illuminate/Console/Command.php(169): Illuminate\Container\Container->call(Array)
#13 /opt/lampp/htdocs/mannequin/vendor/symfony/console/Command/Command.php(254): Illuminate\Console\Command->execute(Object(Symfony\Component\Console\Input\ArgvInput), Object(Symfony\Component\Console\Output\ConsoleOutput))
#14 /opt/lampp/htdocs/mannequin/vendor/laravel/framework/src/Illuminate/Console/Command.php(155): Symfony\Component\Console\Command\Command->run(Object(Symfony\Component\Console\Input\ArgvInput), Object(Symfony\Component\Console\Output\ConsoleOutput))
#15 /opt/lampp/htdocs/mannequin/vendor/symfony/console/Application.php(820): Illuminate\Console\Command->run(Object(Symfony\Component\Console\Input\ArgvInput), Object(Symfony\Component\Console\Output\ConsoleOutput))
#16 /opt/lampp/htdocs/mannequin/vendor/symfony/console/Application.php(187): Symfony\Component\Console\Application->doRunCommand(Object(Illuminate\Database\Console\Seeds\SeedCommand), Object(Symfony\Component\Console\Input\ArgvInput), Object(Symfony\Component\Console\Output\ConsoleOutput))
#17 /opt/lampp/htdocs/mannequin/vendor/symfony/console/Application.php(118): Symfony\Component\Console\Application->doRun(Object(Symfony\Component\Console\Input\ArgvInput), Object(Symfony\Component\Console\Output\ConsoleOutput))
#18 /opt/lampp/htdocs/mannequin/vendor/laravel/framework/src/Illuminate/Foundation/Console/Kernel.php(121): Symfony\Component\Console\Application->run(Object(Symfony\Component\Console\Input\ArgvInput), Object(Symfony\Component\Console\Output\ConsoleOutput))
#19 /opt/lampp/htdocs/mannequin/artisan(36): Illuminate\Foundation\Console\Kernel->handle(Object(Symfony\Component\Console\Input\ArgvInput), Object(Symfony\Component\Console\Output\ConsoleOutput))
#20 {main}  
[2017-01-01 15:53:16] local.ERROR: exception 'Symfony\Component\Console\Exception\RuntimeException' with message 'Not enough arguments (missing: "name").' in /opt/lampp/htdocs/mannequin/vendor/symfony/console/Input/Input.php:83
Stack trace:
#0 /opt/lampp/htdocs/mannequin/vendor/symfony/console/Command/Command.php(249): Symfony\Component\Console\Input\Input->validate()
#1 /opt/lampp/htdocs/mannequin/vendor/laravel/framework/src/Illuminate/Console/Command.php(155): Symfony\Component\Console\Command\Command->run(Object(Symfony\Component\Console\Input\ArgvInput), Object(Symfony\Component\Console\Output\ConsoleOutput))
#2 /opt/lampp/htdocs/mannequin/vendor/symfony/console/Application.php(820): Illuminate\Console\Command->run(Object(Symfony\Component\Console\Input\ArgvInput), Object(Symfony\Component\Console\Output\ConsoleOutput))
#3 /opt/lampp/htdocs/mannequin/vendor/symfony/console/Application.php(187): Symfony\Component\Console\Application->doRunCommand(Object(Illuminate\Database\Console\Seeds\SeederMakeCommand), Object(Symfony\Component\Console\Input\ArgvInput), Object(Symfony\Component\Console\Output\ConsoleOutput))
#4 /opt/lampp/htdocs/mannequin/vendor/symfony/console/Application.php(118): Symfony\Component\Console\Application->doRun(Object(Symfony\Component\Console\Input\ArgvInput), Object(Symfony\Component\Console\Output\ConsoleOutput))
#5 /opt/lampp/htdocs/mannequin/vendor/laravel/framework/src/Illuminate/Foundation/Console/Kernel.php(121): Symfony\Component\Console\Application->run(Object(Symfony\Component\Console\Input\ArgvInput), Object(Symfony\Component\Console\Output\ConsoleOutput))
#6 /opt/lampp/htdocs/mannequin/artisan(36): Illuminate\Foundation\Console\Kernel->handle(Object(Symfony\Component\Console\Input\ArgvInput), Object(Symfony\Component\Console\Output\ConsoleOutput))
#7 {main}  
[2017-01-01 15:53:51] local.ERROR: exception 'PDOException' with message 'SQLSTATE[42S02]: Base table or view not found: 1146 Table 'mannequin.categories' doesn't exist' in /opt/lampp/htdocs/mannequin/vendor/doctrine/dbal/lib/Doctrine/DBAL/Driver/PDOConnection.php:77
Stack trace:
#0 /opt/lampp/htdocs/mannequin/vendor/doctrine/dbal/lib/Doctrine/DBAL/Driver/PDOConnection.php(77): PDO->prepare('delete from `ca...', Array)
#1 /opt/lampp/htdocs/mannequin/vendor/laravel/framework/src/Illuminate/Database/Connection.php(500): Doctrine\DBAL\Driver\PDOConnection->prepare('delete from `ca...')
#2 /opt/lampp/htdocs/mannequin/vendor/laravel/framework/src/Illuminate/Database/Connection.php(762): Illuminate\Database\Connection->Illuminate\Database\{closure}(Object(Illuminate\Database\MySqlConnection), 'delete from `ca...', Array)
#3 /opt/lampp/htdocs/mannequin/vendor/laravel/framework/src/Illuminate/Database/Connection.php(725): Illuminate\Database\Connection->runQueryCallback('delete from `ca...', Array, Object(Closure))
#4 /opt/lampp/htdocs/mannequin/vendor/laravel/framework/src/Illuminate/Database/Connection.php(507): Illuminate\Database\Connection->run('delete from `ca...', Array, Object(Closure))
#5 /opt/lampp/htdocs/mannequin/vendor/laravel/framework/src/Illuminate/Database/Connection.php(458): Illuminate\Database\Connection->affectingStatement('delete from `ca...', Array)
#6 /opt/lampp/htdocs/mannequin/vendor/laravel/framework/src/Illuminate/Database/Query/Builder.php(2245): Illuminate\Database\Connection->delete('delete from `ca...', Array)
#7 /opt/lampp/htdocs/mannequin/database/seeds/CSVTableSeeder.php(16): Illuminate\Database\Query\Builder->delete()
#8 /opt/lampp/htdocs/mannequin/vendor/laravel/framework/src/Illuminate/Database/Seeder.php(39): CSVSeeder->run()
#9 /opt/lampp/htdocs/mannequin/database/seeds/DatabaseSeeder.php(16): Illuminate\Database\Seeder->call('CategoryTableSe...')
#10 /opt/lampp/htdocs/mannequin/vendor/laravel/framework/src/Illuminate/Database/Console/Seeds/SeedCommand.php(63): DatabaseSeeder->run()
#11 /opt/lampp/htdocs/mannequin/vendor/laravel/framework/src/Illuminate/Database/Eloquent/Model.php(2279): Illuminate\Database\Console\Seeds\SeedCommand->Illuminate\Database\Console\Seeds\{closure}()
#12 /opt/lampp/htdocs/mannequin/vendor/laravel/framework/src/Illuminate/Database/Console/Seeds/SeedCommand.php(64): Illuminate\Database\Eloquent\Model::unguarded(Object(Closure))
#13 [internal function]: Illuminate\Database\Console\Seeds\SeedCommand->fire()
#14 /opt/lampp/htdocs/mannequin/vendor/laravel/framework/src/Illuminate/Container/Container.php(508): call_user_func_array(Array, Array)
#15 /opt/lampp/htdocs/mannequin/vendor/laravel/framework/src/Illuminate/Console/Command.php(169): Illuminate\Container\Container->call(Array)
#16 /opt/lampp/htdocs/mannequin/vendor/symfony/console/Command/Command.php(254): Illuminate\Console\Command->execute(Object(Symfony\Component\Console\Input\ArgvInput), Object(Symfony\Component\Console\Output\ConsoleOutput))
#17 /opt/lampp/htdocs/mannequin/vendor/laravel/framework/src/Illuminate/Console/Command.php(155): Symfony\Component\Console\Command\Command->run(Object(Symfony\Component\Console\Input\ArgvInput), Object(Symfony\Component\Console\Output\ConsoleOutput))
#18 /opt/lampp/htdocs/mannequin/vendor/symfony/console/Application.php(820): Illuminate\Console\Command->run(Object(Symfony\Component\Console\Input\ArgvInput), Object(Symfony\Component\Console\Output\ConsoleOutput))
#19 /opt/lampp/htdocs/mannequin/vendor/symfony/console/Application.php(187): Symfony\Component\Console\Application->doRunCommand(Object(Illuminate\Database\Console\Seeds\SeedCommand), Object(Symfony\Component\Console\Input\ArgvInput), Object(Symfony\Component\Console\Output\ConsoleOutput))
#20 /opt/lampp/htdocs/mannequin/vendor/symfony/console/Application.php(118): Symfony\Component\Console\Application->doRun(Object(Symfony\Component\Console\Input\ArgvInput), Object(Symfony\Component\Console\Output\ConsoleOutput))
#21 /opt/lampp/htdocs/mannequin/vendor/laravel/framework/src/Illuminate/Foundation/Console/Kernel.php(121): Symfony\Component\Console\Application->run(Object(Symfony\Component\Console\Input\ArgvInput), Object(Symfony\Component\Console\Output\ConsoleOutput))
#22 /opt/lampp/htdocs/mannequin/artisan(36): Illuminate\Foundation\Console\Kernel->handle(Object(Symfony\Component\Console\Input\ArgvInput), Object(Symfony\Component\Console\Output\ConsoleOutput))
#23 {main}

Next exception 'Doctrine\DBAL\Driver\PDOException' with message 'SQLSTATE[42S02]: Base table or view not found: 1146 Table 'mannequin.categories' doesn't exist' in /opt/lampp/htdocs/mannequin/vendor/doctrine/dbal/lib/Doctrine/DBAL/Driver/PDOConnection.php:79
Stack trace:
#0 /opt/lampp/htdocs/mannequin/vendor/laravel/framework/src/Illuminate/Database/Connection.php(500): Doctrine\DBAL\Driver\PDOConnection->prepare('delete from `ca...')
#1 /opt/lampp/htdocs/mannequin/vendor/laravel/framework/src/Illuminate/Database/Connection.php(762): Illuminate\Database\Connection->Illuminate\Database\{closure}(Object(Illuminate\Database\MySqlConnection), 'delete from `ca...', Array)
#2 /opt/lampp/htdocs/mannequin/vendor/laravel/framework/src/Illuminate/Database/Connection.php(725): Illuminate\Database\Connection->runQueryCallback('delete from `ca...', Array, Object(Closure))
#3 /opt/lampp/htdocs/mannequin/vendor/laravel/framework/src/Illuminate/Database/Connection.php(507): Illuminate\Database\Connection->run('delete from `ca...', Array, Object(Closure))
#4 /opt/lampp/htdocs/mannequin/vendor/laravel/framework/src/Illuminate/Database/Connection.php(458): Illuminate\Database\Connection->affectingStatement('delete from `ca...', Array)
#5 /opt/lampp/htdocs/mannequin/vendor/laravel/framework/src/Illuminate/Database/Query/Builder.php(2245): Illuminate\Database\Connection->delete('delete from `ca...', Array)
#6 /opt/lampp/htdocs/mannequin/database/seeds/CSVTableSeeder.php(16): Illuminate\Database\Query\Builder->delete()
#7 /opt/lampp/htdocs/mannequin/vendor/laravel/framework/src/Illuminate/Database/Seeder.php(39): CSVSeeder->run()
#8 /opt/lampp/htdocs/mannequin/database/seeds/DatabaseSeeder.php(16): Illuminate\Database\Seeder->call('CategoryTableSe...')
#9 /opt/lampp/htdocs/mannequin/vendor/laravel/framework/src/Illuminate/Database/Console/Seeds/SeedCommand.php(63): DatabaseSeeder->run()
#10 /opt/lampp/htdocs/mannequin/vendor/laravel/framework/src/Illuminate/Database/Eloquent/Model.php(2279): Illuminate\Database\Console\Seeds\SeedCommand->Illuminate\Database\Console\Seeds\{closure}()
#11 /opt/lampp/htdocs/mannequin/vendor/laravel/framework/src/Illuminate/Database/Console/Seeds/SeedCommand.php(64): Illuminate\Database\Eloquent\Model::unguarded(Object(Closure))
#12 [internal function]: Illuminate\Database\Console\Seeds\SeedCommand->fire()
#13 /opt/lampp/htdocs/mannequin/vendor/laravel/framework/src/Illuminate/Container/Container.php(508): call_user_func_array(Array, Array)
#14 /opt/lampp/htdocs/mannequin/vendor/laravel/framework/src/Illuminate/Console/Command.php(169): Illuminate\Container\Container->call(Array)
#15 /opt/lampp/htdocs/mannequin/vendor/symfony/console/Command/Command.php(254): Illuminate\Console\Command->execute(Object(Symfony\Component\Console\Input\ArgvInput), Object(Symfony\Component\Console\Output\ConsoleOutput))
#16 /opt/lampp/htdocs/mannequin/vendor/laravel/framework/src/Illuminate/Console/Command.php(155): Symfony\Component\Console\Command\Command->run(Object(Symfony\Component\Console\Input\ArgvInput), Object(Symfony\Component\Console\Output\ConsoleOutput))
#17 /opt/lampp/htdocs/mannequin/vendor/symfony/console/Application.php(820): Illuminate\Console\Command->run(Object(Symfony\Component\Console\Input\ArgvInput), Object(Symfony\Component\Console\Output\ConsoleOutput))
#18 /opt/lampp/htdocs/mannequin/vendor/symfony/console/Application.php(187): Symfony\Component\Console\Application->doRunCommand(Object(Illuminate\Database\Console\Seeds\SeedCommand), Object(Symfony\Component\Console\Input\ArgvInput), Object(Symfony\Component\Console\Output\ConsoleOutput))
#19 /opt/lampp/htdocs/mannequin/vendor/symfony/console/Application.php(118): Symfony\Component\Console\Application->doRun(Object(Symfony\Component\Console\Input\ArgvInput), Object(Symfony\Component\Console\Output\ConsoleOutput))
#20 /opt/lampp/htdocs/mannequin/vendor/laravel/framework/src/Illuminate/Foundation/Console/Kernel.php(121): Symfony\Component\Console\Application->run(Object(Symfony\Component\Console\Input\ArgvInput), Object(Symfony\Component\Console\Output\ConsoleOutput))
#21 /opt/lampp/htdocs/mannequin/artisan(36): Illuminate\Foundation\Console\Kernel->handle(Object(Symfony\Component\Console\Input\ArgvInput), Object(Symfony\Component\Console\Output\ConsoleOutput))
#22 {main}

Next exception 'Illuminate\Database\QueryException' with message 'SQLSTATE[42S02]: Base table or view not found: 1146 Table 'mannequin.categories' doesn't exist (SQL: delete from `categories`)' in /opt/lampp/htdocs/mannequin/vendor/laravel/framework/src/Illuminate/Database/Connection.php:769
Stack trace:
#0 /opt/lampp/htdocs/mannequin/vendor/laravel/framework/src/Illuminate/Database/Connection.php(725): Illuminate\Database\Connection->runQueryCallback('delete from `ca...', Array, Object(Closure))
#1 /opt/lampp/htdocs/mannequin/vendor/laravel/framework/src/Illuminate/Database/Connection.php(507): Illuminate\Database\Connection->run('delete from `ca...', Array, Object(Closure))
#2 /opt/lampp/htdocs/mannequin/vendor/laravel/framework/src/Illuminate/Database/Connection.php(458): Illuminate\Database\Connection->affectingStatement('delete from `ca...', Array)
#3 /opt/lampp/htdocs/mannequin/vendor/laravel/framework/src/Illuminate/Database/Query/Builder.php(2245): Illuminate\Database\Connection->delete('delete from `ca...', Array)
#4 /opt/lampp/htdocs/mannequin/database/seeds/CSVTableSeeder.php(16): Illuminate\Database\Query\Builder->delete()
#5 /opt/lampp/htdocs/mannequin/vendor/laravel/framework/src/Illuminate/Database/Seeder.php(39): CSVSeeder->run()
#6 /opt/lampp/htdocs/mannequin/database/seeds/DatabaseSeeder.php(16): Illuminate\Database\Seeder->call('CategoryTableSe...')
#7 /opt/lampp/htdocs/mannequin/vendor/laravel/framework/src/Illuminate/Database/Console/Seeds/SeedCommand.php(63): DatabaseSeeder->run()
#8 /opt/lampp/htdocs/mannequin/vendor/laravel/framework/src/Illuminate/Database/Eloquent/Model.php(2279): Illuminate\Database\Console\Seeds\SeedCommand->Illuminate\Database\Console\Seeds\{closure}()
#9 /opt/lampp/htdocs/mannequin/vendor/laravel/framework/src/Illuminate/Database/Console/Seeds/SeedCommand.php(64): Illuminate\Database\Eloquent\Model::unguarded(Object(Closure))
#10 [internal function]: Illuminate\Database\Console\Seeds\SeedCommand->fire()
#11 /opt/lampp/htdocs/mannequin/vendor/laravel/framework/src/Illuminate/Container/Container.php(508): call_user_func_array(Array, Array)
#12 /opt/lampp/htdocs/mannequin/vendor/laravel/framework/src/Illuminate/Console/Command.php(169): Illuminate\Container\Container->call(Array)
#13 /opt/lampp/htdocs/mannequin/vendor/symfony/console/Command/Command.php(254): Illuminate\Console\Command->execute(Object(Symfony\Component\Console\Input\ArgvInput), Object(Symfony\Component\Console\Output\ConsoleOutput))
#14 /opt/lampp/htdocs/mannequin/vendor/laravel/framework/src/Illuminate/Console/Command.php(155): Symfony\Component\Console\Command\Command->run(Object(Symfony\Component\Console\Input\ArgvInput), Object(Symfony\Component\Console\Output\ConsoleOutput))
#15 /opt/lampp/htdocs/mannequin/vendor/symfony/console/Application.php(820): Illuminate\Console\Command->run(Object(Symfony\Component\Console\Input\ArgvInput), Object(Symfony\Component\Console\Output\ConsoleOutput))
#16 /opt/lampp/htdocs/mannequin/vendor/symfony/console/Application.php(187): Symfony\Component\Console\Application->doRunCommand(Object(Illuminate\Database\Console\Seeds\SeedCommand), Object(Symfony\Component\Console\Input\ArgvInput), Object(Symfony\Component\Console\Output\ConsoleOutput))
#17 /opt/lampp/htdocs/mannequin/vendor/symfony/console/Application.php(118): Symfony\Component\Console\Application->doRun(Object(Symfony\Component\Console\Input\ArgvInput), Object(Symfony\Component\Console\Output\ConsoleOutput))
#18 /opt/lampp/htdocs/mannequin/vendor/laravel/framework/src/Illuminate/Foundation/Console/Kernel.php(121): Symfony\Component\Console\Application->run(Object(Symfony\Component\Console\Input\ArgvInput), Object(Symfony\Component\Console\Output\ConsoleOutput))
#19 /opt/lampp/htdocs/mannequin/artisan(36): Illuminate\Foundation\Console\Kernel->handle(Object(Symfony\Component\Console\Input\ArgvInput), Object(Symfony\Component\Console\Output\ConsoleOutput))
#20 {main}  
[2017-01-01 15:56:06] local.ERROR: exception 'PDOException' with message 'SQLSTATE[42S01]: Base table or view already exists: 1050 Table 'user_notifications' already exists' in /opt/lampp/htdocs/mannequin/vendor/doctrine/dbal/lib/Doctrine/DBAL/Driver/PDOStatement.php:91
Stack trace:
#0 /opt/lampp/htdocs/mannequin/vendor/doctrine/dbal/lib/Doctrine/DBAL/Driver/PDOStatement.php(91): PDOStatement->execute(NULL)
#1 /opt/lampp/htdocs/mannequin/vendor/laravel/framework/src/Illuminate/Database/Connection.php(479): Doctrine\DBAL\Driver\PDOStatement->execute()
#2 /opt/lampp/htdocs/mannequin/vendor/laravel/framework/src/Illuminate/Database/Connection.php(762): Illuminate\Database\Connection->Illuminate\Database\{closure}(Object(Illuminate\Database\MySqlConnection), 'create table `u...', Array)
#3 /opt/lampp/htdocs/mannequin/vendor/laravel/framework/src/Illuminate/Database/Connection.php(725): Illuminate\Database\Connection->runQueryCallback('create table `u...', Array, Object(Closure))
#4 /opt/lampp/htdocs/mannequin/vendor/laravel/framework/src/Illuminate/Database/Connection.php(480): Illuminate\Database\Connection->run('create table `u...', Array, Object(Closure))
#5 /opt/lampp/htdocs/mannequin/vendor/laravel/framework/src/Illuminate/Database/Schema/Blueprint.php(83): Illuminate\Database\Connection->statement('create table `u...')
#6 /opt/lampp/htdocs/mannequin/vendor/laravel/framework/src/Illuminate/Database/Schema/Builder.php(229): Illuminate\Database\Schema\Blueprint->build(Object(Illuminate\Database\MySqlConnection), Object(Illuminate\Database\Schema\Grammars\MySqlGrammar))
#7 /opt/lampp/htdocs/mannequin/vendor/laravel/framework/src/Illuminate/Database/Schema/Builder.php(148): Illuminate\Database\Schema\Builder->build(Object(Illuminate\Database\Schema\Blueprint))
#8 /opt/lampp/htdocs/mannequin/vendor/laravel/framework/src/Illuminate/Support/Facades/Facade.php(237): Illuminate\Database\Schema\Builder->create('user_notificati...', Object(Closure))
#9 /opt/lampp/htdocs/mannequin/database/migrations/2016_09_05_112310_create_user_notifications_table.php(35): Illuminate\Support\Facades\Facade::__callStatic('create', Array)
#10 /opt/lampp/htdocs/mannequin/database/migrations/2016_09_05_112310_create_user_notifications_table.php(35): Illuminate\Support\Facades\Schema::create('user_notificati...', Object(Closure))
#11 /opt/lampp/htdocs/mannequin/vendor/laravel/framework/src/Illuminate/Database/Migrations/Migrator.php(373): CreateUserNotificationsTable->up()
#12 /opt/lampp/htdocs/mannequin/vendor/laravel/framework/src/Illuminate/Database/Migrations/Migrator.php(380): Illuminate\Database\Migrations\Migrator->Illuminate\Database\Migrations\{closure}()
#13 /opt/lampp/htdocs/mannequin/vendor/laravel/framework/src/Illuminate/Database/Migrations/Migrator.php(162): Illuminate\Database\Migrations\Migrator->runMigration(Object(CreateUserNotificationsTable), 'up')
#14 /opt/lampp/htdocs/mannequin/vendor/laravel/framework/src/Illuminate/Database/Migrations/Migrator.php(130): Illuminate\Database\Migrations\Migrator->runUp('/opt/lampp/htdo...', 1, false)
#15 /opt/lampp/htdocs/mannequin/vendor/laravel/framework/src/Illuminate/Database/Migrations/Migrator.php(97): Illuminate\Database\Migrations\Migrator->runMigrationList(Array, Array)
#16 /opt/lampp/htdocs/mannequin/vendor/laravel/framework/src/Illuminate/Database/Console/Migrations/MigrateCommand.php(66): Illuminate\Database\Migrations\Migrator->run(Array, Array)
#17 [internal function]: Illuminate\Database\Console\Migrations\MigrateCommand->fire()
#18 /opt/lampp/htdocs/mannequin/vendor/laravel/framework/src/Illuminate/Container/Container.php(508): call_user_func_array(Array, Array)
#19 /opt/lampp/htdocs/mannequin/vendor/laravel/framework/src/Illuminate/Console/Command.php(169): Illuminate\Container\Container->call(Array)
#20 /opt/lampp/htdocs/mannequin/vendor/symfony/console/Command/Command.php(254): Illuminate\Console\Command->execute(Object(Symfony\Component\Console\Input\ArrayInput), Object(Illuminate\Console\OutputStyle))
#21 /opt/lampp/htdocs/mannequin/vendor/laravel/framework/src/Illuminate/Console/Command.php(155): Symfony\Component\Console\Command\Command->run(Object(Symfony\Component\Console\Input\ArrayInput), Object(Illuminate\Console\OutputStyle))
#22 /opt/lampp/htdocs/mannequin/vendor/laravel/framework/src/Illuminate/Console/Command.php(185): Illuminate\Console\Command->run(Object(Symfony\Component\Console\Input\ArrayInput), Object(Illuminate\Console\OutputStyle))
#23 /opt/lampp/htdocs/mannequin/vendor/laravel/framework/src/Illuminate/Database/Console/Migrations/RefreshCommand.php(66): Illuminate\Console\Command->call('migrate', Array)
#24 [internal function]: Illuminate\Database\Console\Migrations\RefreshCommand->fire()
#25 /opt/lampp/htdocs/mannequin/vendor/laravel/framework/src/Illuminate/Container/Container.php(508): call_user_func_array(Array, Array)
#26 /opt/lampp/htdocs/mannequin/vendor/laravel/framework/src/Illuminate/Console/Command.php(169): Illuminate\Container\Container->call(Array)
#27 /opt/lampp/htdocs/mannequin/vendor/symfony/console/Command/Command.php(254): Illuminate\Console\Command->execute(Object(Symfony\Component\Console\Input\ArgvInput), Object(Symfony\Component\Console\Output\ConsoleOutput))
#28 /opt/lampp/htdocs/mannequin/vendor/laravel/framework/src/Illuminate/Console/Command.php(155): Symfony\Component\Console\Command\Command->run(Object(Symfony\Component\Console\Input\ArgvInput), Object(Symfony\Component\Console\Output\ConsoleOutput))
#29 /opt/lampp/htdocs/mannequin/vendor/symfony/console/Application.php(820): Illuminate\Console\Command->run(Object(Symfony\Component\Console\Input\ArgvInput), Object(Symfony\Component\Console\Output\ConsoleOutput))
#30 /opt/lampp/htdocs/mannequin/vendor/symfony/console/Application.php(187): Symfony\Component\Console\Application->doRunCommand(Object(Illuminate\Database\Console\Migrations\RefreshCommand), Object(Symfony\Component\Console\Input\ArgvInput), Object(Symfony\Component\Console\Output\ConsoleOutput))
#31 /opt/lampp/htdocs/mannequin/vendor/symfony/console/Application.php(118): Symfony\Component\Console\Application->doRun(Object(Symfony\Component\Console\Input\ArgvInput), Object(Symfony\Component\Console\Output\ConsoleOutput))
#32 /opt/lampp/htdocs/mannequin/vendor/laravel/framework/src/Illuminate/Foundation/Console/Kernel.php(121): Symfony\Component\Console\Application->run(Object(Symfony\Component\Console\Input\ArgvInput), Object(Symfony\Component\Console\Output\ConsoleOutput))
#33 /opt/lampp/htdocs/mannequin/artisan(36): Illuminate\Foundation\Console\Kernel->handle(Object(Symfony\Component\Console\Input\ArgvInput), Object(Symfony\Component\Console\Output\ConsoleOutput))
#34 {main}

Next exception 'Doctrine\DBAL\Driver\PDOException' with message 'SQLSTATE[42S01]: Base table or view already exists: 1050 Table 'user_notifications' already exists' in /opt/lampp/htdocs/mannequin/vendor/doctrine/dbal/lib/Doctrine/DBAL/Driver/PDOStatement.php:93
Stack trace:
#0 /opt/lampp/htdocs/mannequin/vendor/laravel/framework/src/Illuminate/Database/Connection.php(479): Doctrine\DBAL\Driver\PDOStatement->execute()
#1 /opt/lampp/htdocs/mannequin/vendor/laravel/framework/src/Illuminate/Database/Connection.php(762): Illuminate\Database\Connection->Illuminate\Database\{closure}(Object(Illuminate\Database\MySqlConnection), 'create table `u...', Array)
#2 /opt/lampp/htdocs/mannequin/vendor/laravel/framework/src/Illuminate/Database/Connection.php(725): Illuminate\Database\Connection->runQueryCallback('create table `u...', Array, Object(Closure))
#3 /opt/lampp/htdocs/mannequin/vendor/laravel/framework/src/Illuminate/Database/Connection.php(480): Illuminate\Database\Connection->run('create table `u...', Array, Object(Closure))
#4 /opt/lampp/htdocs/mannequin/vendor/laravel/framework/src/Illuminate/Database/Schema/Blueprint.php(83): Illuminate\Database\Connection->statement('create table `u...')
#5 /opt/lampp/htdocs/mannequin/vendor/laravel/framework/src/Illuminate/Database/Schema/Builder.php(229): Illuminate\Database\Schema\Blueprint->build(Object(Illuminate\Database\MySqlConnection), Object(Illuminate\Database\Schema\Grammars\MySqlGrammar))
#6 /opt/lampp/htdocs/mannequin/vendor/laravel/framework/src/Illuminate/Database/Schema/Builder.php(148): Illuminate\Database\Schema\Builder->build(Object(Illuminate\Database\Schema\Blueprint))
#7 /opt/lampp/htdocs/mannequin/vendor/laravel/framework/src/Illuminate/Support/Facades/Facade.php(237): Illuminate\Database\Schema\Builder->create('user_notificati...', Object(Closure))
#8 /opt/lampp/htdocs/mannequin/database/migrations/2016_09_05_112310_create_user_notifications_table.php(35): Illuminate\Support\Facades\Facade::__callStatic('create', Array)
#9 /opt/lampp/htdocs/mannequin/database/migrations/2016_09_05_112310_create_user_notifications_table.php(35): Illuminate\Support\Facades\Schema::create('user_notificati...', Object(Closure))
#10 /opt/lampp/htdocs/mannequin/vendor/laravel/framework/src/Illuminate/Database/Migrations/Migrator.php(373): CreateUserNotificationsTable->up()
#11 /opt/lampp/htdocs/mannequin/vendor/laravel/framework/src/Illuminate/Database/Migrations/Migrator.php(380): Illuminate\Database\Migrations\Migrator->Illuminate\Database\Migrations\{closure}()
#12 /opt/lampp/htdocs/mannequin/vendor/laravel/framework/src/Illuminate/Database/Migrations/Migrator.php(162): Illuminate\Database\Migrations\Migrator->runMigration(Object(CreateUserNotificationsTable), 'up')
#13 /opt/lampp/htdocs/mannequin/vendor/laravel/framework/src/Illuminate/Database/Migrations/Migrator.php(130): Illuminate\Database\Migrations\Migrator->runUp('/opt/lampp/htdo...', 1, false)
#14 /opt/lampp/htdocs/mannequin/vendor/laravel/framework/src/Illuminate/Database/Migrations/Migrator.php(97): Illuminate\Database\Migrations\Migrator->runMigrationList(Array, Array)
#15 /opt/lampp/htdocs/mannequin/vendor/laravel/framework/src/Illuminate/Database/Console/Migrations/MigrateCommand.php(66): Illuminate\Database\Migrations\Migrator->run(Array, Array)
#16 [internal function]: Illuminate\Database\Console\Migrations\MigrateCommand->fire()
#17 /opt/lampp/htdocs/mannequin/vendor/laravel/framework/src/Illuminate/Container/Container.php(508): call_user_func_array(Array, Array)
#18 /opt/lampp/htdocs/mannequin/vendor/laravel/framework/src/Illuminate/Console/Command.php(169): Illuminate\Container\Container->call(Array)
#19 /opt/lampp/htdocs/mannequin/vendor/symfony/console/Command/Command.php(254): Illuminate\Console\Command->execute(Object(Symfony\Component\Console\Input\ArrayInput), Object(Illuminate\Console\OutputStyle))
#20 /opt/lampp/htdocs/mannequin/vendor/laravel/framework/src/Illuminate/Console/Command.php(155): Symfony\Component\Console\Command\Command->run(Object(Symfony\Component\Console\Input\ArrayInput), Object(Illuminate\Console\OutputStyle))
#21 /opt/lampp/htdocs/mannequin/vendor/laravel/framework/src/Illuminate/Console/Command.php(185): Illuminate\Console\Command->run(Object(Symfony\Component\Console\Input\ArrayInput), Object(Illuminate\Console\OutputStyle))
#22 /opt/lampp/htdocs/mannequin/vendor/laravel/framework/src/Illuminate/Database/Console/Migrations/RefreshCommand.php(66): Illuminate\Console\Command->call('migrate', Array)
#23 [internal function]: Illuminate\Database\Console\Migrations\RefreshCommand->fire()
#24 /opt/lampp/htdocs/mannequin/vendor/laravel/framework/src/Illuminate/Container/Container.php(508): call_user_func_array(Array, Array)
#25 /opt/lampp/htdocs/mannequin/vendor/laravel/framework/src/Illuminate/Console/Command.php(169): Illuminate\Container\Container->call(Array)
#26 /opt/lampp/htdocs/mannequin/vendor/symfony/console/Command/Command.php(254): Illuminate\Console\Command->execute(Object(Symfony\Component\Console\Input\ArgvInput), Object(Symfony\Component\Console\Output\ConsoleOutput))
#27 /opt/lampp/htdocs/mannequin/vendor/laravel/framework/src/Illuminate/Console/Command.php(155): Symfony\Component\Console\Command\Command->run(Object(Symfony\Component\Console\Input\ArgvInput), Object(Symfony\Component\Console\Output\ConsoleOutput))
#28 /opt/lampp/htdocs/mannequin/vendor/symfony/console/Application.php(820): Illuminate\Console\Command->run(Object(Symfony\Component\Console\Input\ArgvInput), Object(Symfony\Component\Console\Output\ConsoleOutput))
#29 /opt/lampp/htdocs/mannequin/vendor/symfony/console/Application.php(187): Symfony\Component\Console\Application->doRunCommand(Object(Illuminate\Database\Console\Migrations\RefreshCommand), Object(Symfony\Component\Console\Input\ArgvInput), Object(Symfony\Component\Console\Output\ConsoleOutput))
#30 /opt/lampp/htdocs/mannequin/vendor/symfony/console/Application.php(118): Symfony\Component\Console\Application->doRun(Object(Symfony\Component\Console\Input\ArgvInput), Object(Symfony\Component\Console\Output\ConsoleOutput))
#31 /opt/lampp/htdocs/mannequin/vendor/laravel/framework/src/Illuminate/Foundation/Console/Kernel.php(121): Symfony\Component\Console\Application->run(Object(Symfony\Component\Console\Input\ArgvInput), Object(Symfony\Component\Console\Output\ConsoleOutput))
#32 /opt/lampp/htdocs/mannequin/artisan(36): Illuminate\Foundation\Console\Kernel->handle(Object(Symfony\Component\Console\Input\ArgvInput), Object(Symfony\Component\Console\Output\ConsoleOutput))
#33 {main}

Next exception 'Illuminate\Database\QueryException' with message 'SQLSTATE[42S01]: Base table or view already exists: 1050 Table 'user_notifications' already exists (SQL: create table `user_notifications` (`id` bigint unsigned not null auto_increment primary key, `user_id` bigint not null default '0', `category_type` varchar(255) not null default '0', `type` varchar(255) not null default '', `data` text null, `content` text not null default '', `locale` varchar(255) not null default '', `read` tinyint(1) not null default '0', `sent_at` timestamp not null, `created_at` timestamp null, `updated_at` timestamp null) default character set utf8 collate utf8_unicode_ci)' in /opt/lampp/htdocs/mannequin/vendor/laravel/framework/src/Illuminate/Database/Connection.php:769
Stack trace:
#0 /opt/lampp/htdocs/mannequin/vendor/laravel/framework/src/Illuminate/Database/Connection.php(725): Illuminate\Database\Connection->runQueryCallback('create table `u...', Array, Object(Closure))
#1 /opt/lampp/htdocs/mannequin/vendor/laravel/framework/src/Illuminate/Database/Connection.php(480): Illuminate\Database\Connection->run('create table `u...', Array, Object(Closure))
#2 /opt/lampp/htdocs/mannequin/vendor/laravel/framework/src/Illuminate/Database/Schema/Blueprint.php(83): Illuminate\Database\Connection->statement('create table `u...')
#3 /opt/lampp/htdocs/mannequin/vendor/laravel/framework/src/Illuminate/Database/Schema/Builder.php(229): Illuminate\Database\Schema\Blueprint->build(Object(Illuminate\Database\MySqlConnection), Object(Illuminate\Database\Schema\Grammars\MySqlGrammar))
#4 /opt/lampp/htdocs/mannequin/vendor/laravel/framework/src/Illuminate/Database/Schema/Builder.php(148): Illuminate\Database\Schema\Builder->build(Object(Illuminate\Database\Schema\Blueprint))
#5 /opt/lampp/htdocs/mannequin/vendor/laravel/framework/src/Illuminate/Support/Facades/Facade.php(237): Illuminate\Database\Schema\Builder->create('user_notificati...', Object(Closure))
#6 /opt/lampp/htdocs/mannequin/database/migrations/2016_09_05_112310_create_user_notifications_table.php(35): Illuminate\Support\Facades\Facade::__callStatic('create', Array)
#7 /opt/lampp/htdocs/mannequin/database/migrations/2016_09_05_112310_create_user_notifications_table.php(35): Illuminate\Support\Facades\Schema::create('user_notificati...', Object(Closure))
#8 /opt/lampp/htdocs/mannequin/vendor/laravel/framework/src/Illuminate/Database/Migrations/Migrator.php(373): CreateUserNotificationsTable->up()
#9 /opt/lampp/htdocs/mannequin/vendor/laravel/framework/src/Illuminate/Database/Migrations/Migrator.php(380): Illuminate\Database\Migrations\Migrator->Illuminate\Database\Migrations\{closure}()
#10 /opt/lampp/htdocs/mannequin/vendor/laravel/framework/src/Illuminate/Database/Migrations/Migrator.php(162): Illuminate\Database\Migrations\Migrator->runMigration(Object(CreateUserNotificationsTable), 'up')
#11 /opt/lampp/htdocs/mannequin/vendor/laravel/framework/src/Illuminate/Database/Migrations/Migrator.php(130): Illuminate\Database\Migrations\Migrator->runUp('/opt/lampp/htdo...', 1, false)
#12 /opt/lampp/htdocs/mannequin/vendor/laravel/framework/src/Illuminate/Database/Migrations/Migrator.php(97): Illuminate\Database\Migrations\Migrator->runMigrationList(Array, Array)
#13 /opt/lampp/htdocs/mannequin/vendor/laravel/framework/src/Illuminate/Database/Console/Migrations/MigrateCommand.php(66): Illuminate\Database\Migrations\Migrator->run(Array, Array)
#14 [internal function]: Illuminate\Database\Console\Migrations\MigrateCommand->fire()
#15 /opt/lampp/htdocs/mannequin/vendor/laravel/framework/src/Illuminate/Container/Container.php(508): call_user_func_array(Array, Array)
#16 /opt/lampp/htdocs/mannequin/vendor/laravel/framework/src/Illuminate/Console/Command.php(169): Illuminate\Container\Container->call(Array)
#17 /opt/lampp/htdocs/mannequin/vendor/symfony/console/Command/Command.php(254): Illuminate\Console\Command->execute(Object(Symfony\Component\Console\Input\ArrayInput), Object(Illuminate\Console\OutputStyle))
#18 /opt/lampp/htdocs/mannequin/vendor/laravel/framework/src/Illuminate/Console/Command.php(155): Symfony\Component\Console\Command\Command->run(Object(Symfony\Component\Console\Input\ArrayInput), Object(Illuminate\Console\OutputStyle))
#19 /opt/lampp/htdocs/mannequin/vendor/laravel/framework/src/Illuminate/Console/Command.php(185): Illuminate\Console\Command->run(Object(Symfony\Component\Console\Input\ArrayInput), Object(Illuminate\Console\OutputStyle))
#20 /opt/lampp/htdocs/mannequin/vendor/laravel/framework/src/Illuminate/Database/Console/Migrations/RefreshCommand.php(66): Illuminate\Console\Command->call('migrate', Array)
#21 [internal function]: Illuminate\Database\Console\Migrations\RefreshCommand->fire()
#22 /opt/lampp/htdocs/mannequin/vendor/laravel/framework/src/Illuminate/Container/Container.php(508): call_user_func_array(Array, Array)
#23 /opt/lampp/htdocs/mannequin/vendor/laravel/framework/src/Illuminate/Console/Command.php(169): Illuminate\Container\Container->call(Array)
#24 /opt/lampp/htdocs/mannequin/vendor/symfony/console/Command/Command.php(254): Illuminate\Console\Command->execute(Object(Symfony\Component\Console\Input\ArgvInput), Object(Symfony\Component\Console\Output\ConsoleOutput))
#25 /opt/lampp/htdocs/mannequin/vendor/laravel/framework/src/Illuminate/Console/Command.php(155): Symfony\Component\Console\Command\Command->run(Object(Symfony\Component\Console\Input\ArgvInput), Object(Symfony\Component\Console\Output\ConsoleOutput))
#26 /opt/lampp/htdocs/mannequin/vendor/symfony/console/Application.php(820): Illuminate\Console\Command->run(Object(Symfony\Component\Console\Input\ArgvInput), Object(Symfony\Component\Console\Output\ConsoleOutput))
#27 /opt/lampp/htdocs/mannequin/vendor/symfony/console/Application.php(187): Symfony\Component\Console\Application->doRunCommand(Object(Illuminate\Database\Console\Migrations\RefreshCommand), Object(Symfony\Component\Console\Input\ArgvInput), Object(Symfony\Component\Console\Output\ConsoleOutput))
#28 /opt/lampp/htdocs/mannequin/vendor/symfony/console/Application.php(118): Symfony\Component\Console\Application->doRun(Object(Symfony\Component\Console\Input\ArgvInput), Object(Symfony\Component\Console\Output\ConsoleOutput))
#29 /opt/lampp/htdocs/mannequin/vendor/laravel/framework/src/Illuminate/Foundation/Console/Kernel.php(121): Symfony\Component\Console\Application->run(Object(Symfony\Component\Console\Input\ArgvInput), Object(Symfony\Component\Console\Output\ConsoleOutput))
#30 /opt/lampp/htdocs/mannequin/artisan(36): Illuminate\Foundation\Console\Kernel->handle(Object(Symfony\Component\Console\Input\ArgvInput), Object(Symfony\Component\Console\Output\ConsoleOutput))
#31 {main}  
[2017-01-01 16:11:22] local.ERROR: exception 'InvalidArgumentException' with message 'View [pages.admin.logs.index] not found.' in /opt/lampp/htdocs/mannequin/vendor/laravel/framework/src/Illuminate/View/FileViewFinder.php:137
Stack trace:
#0 /opt/lampp/htdocs/mannequin/vendor/laravel/framework/src/Illuminate/View/FileViewFinder.php(79): Illuminate\View\FileViewFinder->findInPaths('pages.admin.log...', Array)
#1 /opt/lampp/htdocs/mannequin/vendor/laravel/framework/src/Illuminate/View/Factory.php(174): Illuminate\View\FileViewFinder->find('pages.admin.log...')
#2 /opt/lampp/htdocs/mannequin/vendor/laravel/framework/src/Illuminate/Foundation/helpers.php(856): Illuminate\View\Factory->make('pages.admin.log...', Array, Array)
#3 /opt/lampp/htdocs/mannequin/app/Http/Controllers/Admin/LogController.php(59): view('pages.admin.log...', Array)
#4 [internal function]: App\Http\Controllers\Admin\LogController->index(Object(App\Http\Requests\PaginationRequest))
#5 /opt/lampp/htdocs/mannequin/vendor/laravel/framework/src/Illuminate/Routing/Controller.php(55): call_user_func_array(Array, Array)
#6 /opt/lampp/htdocs/mannequin/vendor/laravel/framework/src/Illuminate/Routing/ControllerDispatcher.php(44): Illuminate\Routing\Controller->callAction('index', Array)
#7 /opt/lampp/htdocs/mannequin/vendor/laravel/framework/src/Illuminate/Routing/Route.php(190): Illuminate\Routing\ControllerDispatcher->dispatch(Object(Illuminate\Routing\Route), Object(App\Http\Controllers\Admin\LogController), 'index')
#8 /opt/lampp/htdocs/mannequin/vendor/laravel/framework/src/Illuminate/Routing/Route.php(144): Illuminate\Routing\Route->runController()
#9 /opt/lampp/htdocs/mannequin/vendor/laravel/framework/src/Illuminate/Routing/Router.php(642): Illuminate\Routing\Route->run(Object(Illuminate\Http\Request))
#10 /opt/lampp/htdocs/mannequin/vendor/laravel/framework/src/Illuminate/Routing/Pipeline.php(53): Illuminate\Routing\Router->Illuminate\Routing\{closure}(Object(Illuminate\Http\Request))
#11 /opt/lampp/htdocs/mannequin/app/Http/Middleware/Admin/Authenticate.php(42): Illuminate\Routing\Pipeline->Illuminate\Routing\{closure}(Object(Illuminate\Http\Request))
#12 /opt/lampp/htdocs/mannequin/vendor/laravel/framework/src/Illuminate/Pipeline/Pipeline.php(137): App\Http\Middleware\Admin\Authenticate->handle(Object(Illuminate\Http\Request), Object(Closure))
#13 /opt/lampp/htdocs/mannequin/vendor/laravel/framework/src/Illuminate/Routing/Pipeline.php(33): Illuminate\Pipeline\Pipeline->Illuminate\Pipeline\{closure}(Object(Illuminate\Http\Request))
#14 /opt/lampp/htdocs/mannequin/app/Http/Middleware/Admin/SetDefaultValues.php(55): Illuminate\Routing\Pipeline->Illuminate\Routing\{closure}(Object(Illuminate\Http\Request))
#15 /opt/lampp/htdocs/mannequin/vendor/laravel/framework/src/Illuminate/Pipeline/Pipeline.php(137): App\Http\Middleware\Admin\SetDefaultValues->handle(Object(Illuminate\Http\Request), Object(Closure))
#16 /opt/lampp/htdocs/mannequin/vendor/laravel/framework/src/Illuminate/Routing/Pipeline.php(33): Illuminate\Pipeline\Pipeline->Illuminate\Pipeline\{closure}(Object(Illuminate\Http\Request))
#17 /opt/lampp/htdocs/mannequin/vendor/laravel/framework/src/Illuminate/Routing/Middleware/SubstituteBindings.php(41): Illuminate\Routing\Pipeline->Illuminate\Routing\{closure}(Object(Illuminate\Http\Request))
#18 /opt/lampp/htdocs/mannequin/vendor/laravel/framework/src/Illuminate/Pipeline/Pipeline.php(137): Illuminate\Routing\Middleware\SubstituteBindings->handle(Object(Illuminate\Http\Request), Object(Closure))
#19 /opt/lampp/htdocs/mannequin/vendor/laravel/framework/src/Illuminate/Routing/Pipeline.php(33): Illuminate\Pipeline\Pipeline->Illuminate\Pipeline\{closure}(Object(Illuminate\Http\Request))
#20 /opt/lampp/htdocs/mannequin/vendor/laravel/framework/src/Illuminate/Foundation/Http/Middleware/VerifyCsrfToken.php(65): Illuminate\Routing\Pipeline->Illuminate\Routing\{closure}(Object(Illuminate\Http\Request))
#21 /opt/lampp/htdocs/mannequin/vendor/laravel/framework/src/Illuminate/Pipeline/Pipeline.php(137): Illuminate\Foundation\Http\Middleware\VerifyCsrfToken->handle(Object(Illuminate\Http\Request), Object(Closure))
#22 /opt/lampp/htdocs/mannequin/vendor/laravel/framework/src/Illuminate/Routing/Pipeline.php(33): Illuminate\Pipeline\Pipeline->Illuminate\Pipeline\{closure}(Object(Illuminate\Http\Request))
#23 /opt/lampp/htdocs/mannequin/vendor/laravel/framework/src/Illuminate/View/Middleware/ShareErrorsFromSession.php(49): Illuminate\Routing\Pipeline->Illuminate\Routing\{closure}(Object(Illuminate\Http\Request))
#24 /opt/lampp/htdocs/mannequin/vendor/laravel/framework/src/Illuminate/Pipeline/Pipeline.php(137): Illuminate\View\Middleware\ShareErrorsFromSession->handle(Object(Illuminate\Http\Request), Object(Closure))
#25 /opt/lampp/htdocs/mannequin/vendor/laravel/framework/src/Illuminate/Routing/Pipeline.php(33): Illuminate\Pipeline\Pipeline->Illuminate\Pipeline\{closure}(Object(Illuminate\Http\Request))
#26 /opt/lampp/htdocs/mannequin/vendor/laravel/framework/src/Illuminate/Session/Middleware/StartSession.php(64): Illuminate\Routing\Pipeline->Illuminate\Routing\{closure}(Object(Illuminate\Http\Request))
#27 /opt/lampp/htdocs/mannequin/vendor/laravel/framework/src/Illuminate/Pipeline/Pipeline.php(137): Illuminate\Session\Middleware\StartSession->handle(Object(Illuminate\Http\Request), Object(Closure))
#28 /opt/lampp/htdocs/mannequin/vendor/laravel/framework/src/Illuminate/Routing/Pipeline.php(33): Illuminate\Pipeline\Pipeline->Illuminate\Pipeline\{closure}(Object(Illuminate\Http\Request))
#29 /opt/lampp/htdocs/mannequin/vendor/laravel/framework/src/Illuminate/Cookie/Middleware/AddQueuedCookiesToResponse.php(37): Illuminate\Routing\Pipeline->Illuminate\Routing\{closure}(Object(Illuminate\Http\Request))
#30 /opt/lampp/htdocs/mannequin/vendor/laravel/framework/src/Illuminate/Pipeline/Pipeline.php(137): Illuminate\Cookie\Middleware\AddQueuedCookiesToResponse->handle(Object(Illuminate\Http\Request), Object(Closure))
#31 /opt/lampp/htdocs/mannequin/vendor/laravel/framework/src/Illuminate/Routing/Pipeline.php(33): Illuminate\Pipeline\Pipeline->Illuminate\Pipeline\{closure}(Object(Illuminate\Http\Request))
#32 /opt/lampp/htdocs/mannequin/vendor/laravel/framework/src/Illuminate/Cookie/Middleware/EncryptCookies.php(59): Illuminate\Routing\Pipeline->Illuminate\Routing\{closure}(Object(Illuminate\Http\Request))
#33 /opt/lampp/htdocs/mannequin/vendor/laravel/framework/src/Illuminate/Pipeline/Pipeline.php(137): Illuminate\Cookie\Middleware\EncryptCookies->handle(Object(Illuminate\Http\Request), Object(Closure))
#34 /opt/lampp/htdocs/mannequin/vendor/laravel/framework/src/Illuminate/Routing/Pipeline.php(33): Illuminate\Pipeline\Pipeline->Illuminate\Pipeline\{closure}(Object(Illuminate\Http\Request))
#35 /opt/lampp/htdocs/mannequin/vendor/laravel/framework/src/Illuminate/Pipeline/Pipeline.php(104): Illuminate\Routing\Pipeline->Illuminate\Routing\{closure}(Object(Illuminate\Http\Request))
#36 /opt/lampp/htdocs/mannequin/vendor/laravel/framework/src/Illuminate/Routing/Router.php(644): Illuminate\Pipeline\Pipeline->then(Object(Closure))
#37 /opt/lampp/htdocs/mannequin/vendor/laravel/framework/src/Illuminate/Routing/Router.php(618): Illuminate\Routing\Router->runRouteWithinStack(Object(Illuminate\Routing\Route), Object(Illuminate\Http\Request))
#38 /opt/lampp/htdocs/mannequin/vendor/laravel/framework/src/Illuminate/Routing/Router.php(596): Illuminate\Routing\Router->dispatchToRoute(Object(Illuminate\Http\Request))
#39 /opt/lampp/htdocs/mannequin/vendor/laravel/framework/src/Illuminate/Foundation/Http/Kernel.php(268): Illuminate\Routing\Router->dispatch(Object(Illuminate\Http\Request))
#40 /opt/lampp/htdocs/mannequin/vendor/laravel/framework/src/Illuminate/Routing/Pipeline.php(53): Illuminate\Foundation\Http\Kernel->Illuminate\Foundation\Http\{closure}(Object(Illuminate\Http\Request))
#41 /opt/lampp/htdocs/mannequin/vendor/barryvdh/laravel-debugbar/src/Middleware/Debugbar.php(51): Illuminate\Routing\Pipeline->Illuminate\Routing\{closure}(Object(Illuminate\Http\Request))
#42 /opt/lampp/htdocs/mannequin/vendor/laravel/framework/src/Illuminate/Pipeline/Pipeline.php(137): Barryvdh\Debugbar\Middleware\Debugbar->handle(Object(Illuminate\Http\Request), Object(Closure))
#43 /opt/lampp/htdocs/mannequin/vendor/laravel/framework/src/Illuminate/Routing/Pipeline.php(33): Illuminate\Pipeline\Pipeline->Illuminate\Pipeline\{closure}(Object(Illuminate\Http\Request))
#44 /opt/lampp/htdocs/mannequin/app/Http/Middleware/SecurityHeaders.php(17): Illuminate\Routing\Pipeline->Illuminate\Routing\{closure}(Object(Illuminate\Http\Request))
#45 /opt/lampp/htdocs/mannequin/vendor/laravel/framework/src/Illuminate/Pipeline/Pipeline.php(137): App\Http\Middleware\SecurityHeaders->handle(Object(Illuminate\Http\Request), Object(Closure))
#46 /opt/lampp/htdocs/mannequin/vendor/laravel/framework/src/Illuminate/Routing/Pipeline.php(33): Illuminate\Pipeline\Pipeline->Illuminate\Pipeline\{closure}(Object(Illuminate\Http\Request))
#47 /opt/lampp/htdocs/mannequin/vendor/laravel/framework/src/Illuminate/Foundation/Http/Middleware/CheckForMaintenanceMode.php(46): Illuminate\Routing\Pipeline->Illuminate\Routing\{closure}(Object(Illuminate\Http\Request))
#48 /opt/lampp/htdocs/mannequin/vendor/laravel/framework/src/Illuminate/Pipeline/Pipeline.php(137): Illuminate\Foundation\Http\Middleware\CheckForMaintenanceMode->handle(Object(Illuminate\Http\Request), Object(Closure))
#49 /opt/lampp/htdocs/mannequin/vendor/laravel/framework/src/Illuminate/Routing/Pipeline.php(33): Illuminate\Pipeline\Pipeline->Illuminate\Pipeline\{closure}(Object(Illuminate\Http\Request))
#50 /opt/lampp/htdocs/mannequin/vendor/laravel/framework/src/Illuminate/Pipeline/Pipeline.php(104): Illuminate\Routing\Pipeline->Illuminate\Routing\{closure}(Object(Illuminate\Http\Request))
#51 /opt/lampp/htdocs/mannequin/vendor/laravel/framework/src/Illuminate/Foundation/Http/Kernel.php(150): Illuminate\Pipeline\Pipeline->then(Object(Closure))
#52 /opt/lampp/htdocs/mannequin/vendor/laravel/framework/src/Illuminate/Foundation/Http/Kernel.php(117): Illuminate\Foundation\Http\Kernel->sendRequestThroughRouter(Object(Illuminate\Http\Request))
#53 /opt/lampp/htdocs/mannequin/public/index.php(53): Illuminate\Foundation\Http\Kernel->handle(Object(Illuminate\Http\Request))
#54 /opt/lampp/htdocs/mannequin/server.php(21): require_once('/opt/lampp/htdo...')
#55 {main}  
[2017-01-01 16:12:36] local.ERROR: exception 'InvalidArgumentException' with message 'View [pages.admin.logs.index] not found.' in /opt/lampp/htdocs/mannequin/vendor/laravel/framework/src/Illuminate/View/FileViewFinder.php:137
Stack trace:
#0 /opt/lampp/htdocs/mannequin/vendor/laravel/framework/src/Illuminate/View/FileViewFinder.php(79): Illuminate\View\FileViewFinder->findInPaths('pages.admin.log...', Array)
#1 /opt/lampp/htdocs/mannequin/vendor/laravel/framework/src/Illuminate/View/Factory.php(174): Illuminate\View\FileViewFinder->find('pages.admin.log...')
#2 /opt/lampp/htdocs/mannequin/vendor/laravel/framework/src/Illuminate/Foundation/helpers.php(856): Illuminate\View\Factory->make('pages.admin.log...', Array, Array)
#3 /opt/lampp/htdocs/mannequin/app/Http/Controllers/Admin/LogController.php(59): view('pages.admin.log...', Array)
#4 [internal function]: App\Http\Controllers\Admin\LogController->index(Object(App\Http\Requests\PaginationRequest))
#5 /opt/lampp/htdocs/mannequin/vendor/laravel/framework/src/Illuminate/Routing/Controller.php(55): call_user_func_array(Array, Array)
#6 /opt/lampp/htdocs/mannequin/vendor/laravel/framework/src/Illuminate/Routing/ControllerDispatcher.php(44): Illuminate\Routing\Controller->callAction('index', Array)
#7 /opt/lampp/htdocs/mannequin/vendor/laravel/framework/src/Illuminate/Routing/Route.php(190): Illuminate\Routing\ControllerDispatcher->dispatch(Object(Illuminate\Routing\Route), Object(App\Http\Controllers\Admin\LogController), 'index')
#8 /opt/lampp/htdocs/mannequin/vendor/laravel/framework/src/Illuminate/Routing/Route.php(144): Illuminate\Routing\Route->runController()
#9 /opt/lampp/htdocs/mannequin/vendor/laravel/framework/src/Illuminate/Routing/Router.php(642): Illuminate\Routing\Route->run(Object(Illuminate\Http\Request))
#10 /opt/lampp/htdocs/mannequin/vendor/laravel/framework/src/Illuminate/Routing/Pipeline.php(53): Illuminate\Routing\Router->Illuminate\Routing\{closure}(Object(Illuminate\Http\Request))
#11 /opt/lampp/htdocs/mannequin/app/Http/Middleware/Admin/Authenticate.php(42): Illuminate\Routing\Pipeline->Illuminate\Routing\{closure}(Object(Illuminate\Http\Request))
#12 /opt/lampp/htdocs/mannequin/vendor/laravel/framework/src/Illuminate/Pipeline/Pipeline.php(137): App\Http\Middleware\Admin\Authenticate->handle(Object(Illuminate\Http\Request), Object(Closure))
#13 /opt/lampp/htdocs/mannequin/vendor/laravel/framework/src/Illuminate/Routing/Pipeline.php(33): Illuminate\Pipeline\Pipeline->Illuminate\Pipeline\{closure}(Object(Illuminate\Http\Request))
#14 /opt/lampp/htdocs/mannequin/app/Http/Middleware/Admin/SetDefaultValues.php(55): Illuminate\Routing\Pipeline->Illuminate\Routing\{closure}(Object(Illuminate\Http\Request))
#15 /opt/lampp/htdocs/mannequin/vendor/laravel/framework/src/Illuminate/Pipeline/Pipeline.php(137): App\Http\Middleware\Admin\SetDefaultValues->handle(Object(Illuminate\Http\Request), Object(Closure))
#16 /opt/lampp/htdocs/mannequin/vendor/laravel/framework/src/Illuminate/Routing/Pipeline.php(33): Illuminate\Pipeline\Pipeline->Illuminate\Pipeline\{closure}(Object(Illuminate\Http\Request))
#17 /opt/lampp/htdocs/mannequin/vendor/laravel/framework/src/Illuminate/Routing/Middleware/SubstituteBindings.php(41): Illuminate\Routing\Pipeline->Illuminate\Routing\{closure}(Object(Illuminate\Http\Request))
#18 /opt/lampp/htdocs/mannequin/vendor/laravel/framework/src/Illuminate/Pipeline/Pipeline.php(137): Illuminate\Routing\Middleware\SubstituteBindings->handle(Object(Illuminate\Http\Request), Object(Closure))
#19 /opt/lampp/htdocs/mannequin/vendor/laravel/framework/src/Illuminate/Routing/Pipeline.php(33): Illuminate\Pipeline\Pipeline->Illuminate\Pipeline\{closure}(Object(Illuminate\Http\Request))
#20 /opt/lampp/htdocs/mannequin/vendor/laravel/framework/src/Illuminate/Foundation/Http/Middleware/VerifyCsrfToken.php(65): Illuminate\Routing\Pipeline->Illuminate\Routing\{closure}(Object(Illuminate\Http\Request))
#21 /opt/lampp/htdocs/mannequin/vendor/laravel/framework/src/Illuminate/Pipeline/Pipeline.php(137): Illuminate\Foundation\Http\Middleware\VerifyCsrfToken->handle(Object(Illuminate\Http\Request), Object(Closure))
#22 /opt/lampp/htdocs/mannequin/vendor/laravel/framework/src/Illuminate/Routing/Pipeline.php(33): Illuminate\Pipeline\Pipeline->Illuminate\Pipeline\{closure}(Object(Illuminate\Http\Request))
#23 /opt/lampp/htdocs/mannequin/vendor/laravel/framework/src/Illuminate/View/Middleware/ShareErrorsFromSession.php(49): Illuminate\Routing\Pipeline->Illuminate\Routing\{closure}(Object(Illuminate\Http\Request))
#24 /opt/lampp/htdocs/mannequin/vendor/laravel/framework/src/Illuminate/Pipeline/Pipeline.php(137): Illuminate\View\Middleware\ShareErrorsFromSession->handle(Object(Illuminate\Http\Request), Object(Closure))
#25 /opt/lampp/htdocs/mannequin/vendor/laravel/framework/src/Illuminate/Routing/Pipeline.php(33): Illuminate\Pipeline\Pipeline->Illuminate\Pipeline\{closure}(Object(Illuminate\Http\Request))
#26 /opt/lampp/htdocs/mannequin/vendor/laravel/framework/src/Illuminate/Session/Middleware/StartSession.php(64): Illuminate\Routing\Pipeline->Illuminate\Routing\{closure}(Object(Illuminate\Http\Request))
#27 /opt/lampp/htdocs/mannequin/vendor/laravel/framework/src/Illuminate/Pipeline/Pipeline.php(137): Illuminate\Session\Middleware\StartSession->handle(Object(Illuminate\Http\Request), Object(Closure))
#28 /opt/lampp/htdocs/mannequin/vendor/laravel/framework/src/Illuminate/Routing/Pipeline.php(33): Illuminate\Pipeline\Pipeline->Illuminate\Pipeline\{closure}(Object(Illuminate\Http\Request))
#29 /opt/lampp/htdocs/mannequin/vendor/laravel/framework/src/Illuminate/Cookie/Middleware/AddQueuedCookiesToResponse.php(37): Illuminate\Routing\Pipeline->Illuminate\Routing\{closure}(Object(Illuminate\Http\Request))
#30 /opt/lampp/htdocs/mannequin/vendor/laravel/framework/src/Illuminate/Pipeline/Pipeline.php(137): Illuminate\Cookie\Middleware\AddQueuedCookiesToResponse->handle(Object(Illuminate\Http\Request), Object(Closure))
#31 /opt/lampp/htdocs/mannequin/vendor/laravel/framework/src/Illuminate/Routing/Pipeline.php(33): Illuminate\Pipeline\Pipeline->Illuminate\Pipeline\{closure}(Object(Illuminate\Http\Request))
#32 /opt/lampp/htdocs/mannequin/vendor/laravel/framework/src/Illuminate/Cookie/Middleware/EncryptCookies.php(59): Illuminate\Routing\Pipeline->Illuminate\Routing\{closure}(Object(Illuminate\Http\Request))
#33 /opt/lampp/htdocs/mannequin/vendor/laravel/framework/src/Illuminate/Pipeline/Pipeline.php(137): Illuminate\Cookie\Middleware\EncryptCookies->handle(Object(Illuminate\Http\Request), Object(Closure))
#34 /opt/lampp/htdocs/mannequin/vendor/laravel/framework/src/Illuminate/Routing/Pipeline.php(33): Illuminate\Pipeline\Pipeline->Illuminate\Pipeline\{closure}(Object(Illuminate\Http\Request))
#35 /opt/lampp/htdocs/mannequin/vendor/laravel/framework/src/Illuminate/Pipeline/Pipeline.php(104): Illuminate\Routing\Pipeline->Illuminate\Routing\{closure}(Object(Illuminate\Http\Request))
#36 /opt/lampp/htdocs/mannequin/vendor/laravel/framework/src/Illuminate/Routing/Router.php(644): Illuminate\Pipeline\Pipeline->then(Object(Closure))
#37 /opt/lampp/htdocs/mannequin/vendor/laravel/framework/src/Illuminate/Routing/Router.php(618): Illuminate\Routing\Router->runRouteWithinStack(Object(Illuminate\Routing\Route), Object(Illuminate\Http\Request))
#38 /opt/lampp/htdocs/mannequin/vendor/laravel/framework/src/Illuminate/Routing/Router.php(596): Illuminate\Routing\Router->dispatchToRoute(Object(Illuminate\Http\Request))
#39 /opt/lampp/htdocs/mannequin/vendor/laravel/framework/src/Illuminate/Foundation/Http/Kernel.php(268): Illuminate\Routing\Router->dispatch(Object(Illuminate\Http\Request))
#40 /opt/lampp/htdocs/mannequin/vendor/laravel/framework/src/Illuminate/Routing/Pipeline.php(53): Illuminate\Foundation\Http\Kernel->Illuminate\Foundation\Http\{closure}(Object(Illuminate\Http\Request))
#41 /opt/lampp/htdocs/mannequin/vendor/barryvdh/laravel-debugbar/src/Middleware/Debugbar.php(51): Illuminate\Routing\Pipeline->Illuminate\Routing\{closure}(Object(Illuminate\Http\Request))
#42 /opt/lampp/htdocs/mannequin/vendor/laravel/framework/src/Illuminate/Pipeline/Pipeline.php(137): Barryvdh\Debugbar\Middleware\Debugbar->handle(Object(Illuminate\Http\Request), Object(Closure))
#43 /opt/lampp/htdocs/mannequin/vendor/laravel/framework/src/Illuminate/Routing/Pipeline.php(33): Illuminate\Pipeline\Pipeline->Illuminate\Pipeline\{closure}(Object(Illuminate\Http\Request))
#44 /opt/lampp/htdocs/mannequin/app/Http/Middleware/SecurityHeaders.php(17): Illuminate\Routing\Pipeline->Illuminate\Routing\{closure}(Object(Illuminate\Http\Request))
#45 /opt/lampp/htdocs/mannequin/vendor/laravel/framework/src/Illuminate/Pipeline/Pipeline.php(137): App\Http\Middleware\SecurityHeaders->handle(Object(Illuminate\Http\Request), Object(Closure))
#46 /opt/lampp/htdocs/mannequin/vendor/laravel/framework/src/Illuminate/Routing/Pipeline.php(33): Illuminate\Pipeline\Pipeline->Illuminate\Pipeline\{closure}(Object(Illuminate\Http\Request))
#47 /opt/lampp/htdocs/mannequin/vendor/laravel/framework/src/Illuminate/Foundation/Http/Middleware/CheckForMaintenanceMode.php(46): Illuminate\Routing\Pipeline->Illuminate\Routing\{closure}(Object(Illuminate\Http\Request))
#48 /opt/lampp/htdocs/mannequin/vendor/laravel/framework/src/Illuminate/Pipeline/Pipeline.php(137): Illuminate\Foundation\Http\Middleware\CheckForMaintenanceMode->handle(Object(Illuminate\Http\Request), Object(Closure))
#49 /opt/lampp/htdocs/mannequin/vendor/laravel/framework/src/Illuminate/Routing/Pipeline.php(33): Illuminate\Pipeline\Pipeline->Illuminate\Pipeline\{closure}(Object(Illuminate\Http\Request))
#50 /opt/lampp/htdocs/mannequin/vendor/laravel/framework/src/Illuminate/Pipeline/Pipeline.php(104): Illuminate\Routing\Pipeline->Illuminate\Routing\{closure}(Object(Illuminate\Http\Request))
#51 /opt/lampp/htdocs/mannequin/vendor/laravel/framework/src/Illuminate/Foundation/Http/Kernel.php(150): Illuminate\Pipeline\Pipeline->then(Object(Closure))
#52 /opt/lampp/htdocs/mannequin/vendor/laravel/framework/src/Illuminate/Foundation/Http/Kernel.php(117): Illuminate\Foundation\Http\Kernel->sendRequestThroughRouter(Object(Illuminate\Http\Request))
#53 /opt/lampp/htdocs/mannequin/public/index.php(53): Illuminate\Foundation\Http\Kernel->handle(Object(Illuminate\Http\Request))
#54 /opt/lampp/htdocs/mannequin/server.php(21): require_once('/opt/lampp/htdo...')
#55 {main}  
[2017-01-01 16:13:52] local.ERROR: exception 'InvalidArgumentException' with message 'View [pages.admin.logs.index] not found.' in /opt/lampp/htdocs/mannequin/vendor/laravel/framework/src/Illuminate/View/FileViewFinder.php:137
Stack trace:
#0 /opt/lampp/htdocs/mannequin/vendor/laravel/framework/src/Illuminate/View/FileViewFinder.php(79): Illuminate\View\FileViewFinder->findInPaths('pages.admin.log...', Array)
#1 /opt/lampp/htdocs/mannequin/vendor/laravel/framework/src/Illuminate/View/Factory.php(174): Illuminate\View\FileViewFinder->find('pages.admin.log...')
#2 /opt/lampp/htdocs/mannequin/vendor/laravel/framework/src/Illuminate/Foundation/helpers.php(856): Illuminate\View\Factory->make('pages.admin.log...', Array, Array)
#3 /opt/lampp/htdocs/mannequin/app/Http/Controllers/Admin/LogController.php(59): view('pages.admin.log...', Array)
#4 [internal function]: App\Http\Controllers\Admin\LogController->index(Object(App\Http\Requests\PaginationRequest))
#5 /opt/lampp/htdocs/mannequin/vendor/laravel/framework/src/Illuminate/Routing/Controller.php(55): call_user_func_array(Array, Array)
#6 /opt/lampp/htdocs/mannequin/vendor/laravel/framework/src/Illuminate/Routing/ControllerDispatcher.php(44): Illuminate\Routing\Controller->callAction('index', Array)
#7 /opt/lampp/htdocs/mannequin/vendor/laravel/framework/src/Illuminate/Routing/Route.php(190): Illuminate\Routing\ControllerDispatcher->dispatch(Object(Illuminate\Routing\Route), Object(App\Http\Controllers\Admin\LogController), 'index')
#8 /opt/lampp/htdocs/mannequin/vendor/laravel/framework/src/Illuminate/Routing/Route.php(144): Illuminate\Routing\Route->runController()
#9 /opt/lampp/htdocs/mannequin/vendor/laravel/framework/src/Illuminate/Routing/Router.php(642): Illuminate\Routing\Route->run(Object(Illuminate\Http\Request))
#10 /opt/lampp/htdocs/mannequin/vendor/laravel/framework/src/Illuminate/Routing/Pipeline.php(53): Illuminate\Routing\Router->Illuminate\Routing\{closure}(Object(Illuminate\Http\Request))
#11 /opt/lampp/htdocs/mannequin/app/Http/Middleware/Admin/Authenticate.php(42): Illuminate\Routing\Pipeline->Illuminate\Routing\{closure}(Object(Illuminate\Http\Request))
#12 /opt/lampp/htdocs/mannequin/vendor/laravel/framework/src/Illuminate/Pipeline/Pipeline.php(137): App\Http\Middleware\Admin\Authenticate->handle(Object(Illuminate\Http\Request), Object(Closure))
#13 /opt/lampp/htdocs/mannequin/vendor/laravel/framework/src/Illuminate/Routing/Pipeline.php(33): Illuminate\Pipeline\Pipeline->Illuminate\Pipeline\{closure}(Object(Illuminate\Http\Request))
#14 /opt/lampp/htdocs/mannequin/app/Http/Middleware/Admin/SetDefaultValues.php(55): Illuminate\Routing\Pipeline->Illuminate\Routing\{closure}(Object(Illuminate\Http\Request))
#15 /opt/lampp/htdocs/mannequin/vendor/laravel/framework/src/Illuminate/Pipeline/Pipeline.php(137): App\Http\Middleware\Admin\SetDefaultValues->handle(Object(Illuminate\Http\Request), Object(Closure))
#16 /opt/lampp/htdocs/mannequin/vendor/laravel/framework/src/Illuminate/Routing/Pipeline.php(33): Illuminate\Pipeline\Pipeline->Illuminate\Pipeline\{closure}(Object(Illuminate\Http\Request))
#17 /opt/lampp/htdocs/mannequin/vendor/laravel/framework/src/Illuminate/Routing/Middleware/SubstituteBindings.php(41): Illuminate\Routing\Pipeline->Illuminate\Routing\{closure}(Object(Illuminate\Http\Request))
#18 /opt/lampp/htdocs/mannequin/vendor/laravel/framework/src/Illuminate/Pipeline/Pipeline.php(137): Illuminate\Routing\Middleware\SubstituteBindings->handle(Object(Illuminate\Http\Request), Object(Closure))
#19 /opt/lampp/htdocs/mannequin/vendor/laravel/framework/src/Illuminate/Routing/Pipeline.php(33): Illuminate\Pipeline\Pipeline->Illuminate\Pipeline\{closure}(Object(Illuminate\Http\Request))
#20 /opt/lampp/htdocs/mannequin/vendor/laravel/framework/src/Illuminate/Foundation/Http/Middleware/VerifyCsrfToken.php(65): Illuminate\Routing\Pipeline->Illuminate\Routing\{closure}(Object(Illuminate\Http\Request))
#21 /opt/lampp/htdocs/mannequin/vendor/laravel/framework/src/Illuminate/Pipeline/Pipeline.php(137): Illuminate\Foundation\Http\Middleware\VerifyCsrfToken->handle(Object(Illuminate\Http\Request), Object(Closure))
#22 /opt/lampp/htdocs/mannequin/vendor/laravel/framework/src/Illuminate/Routing/Pipeline.php(33): Illuminate\Pipeline\Pipeline->Illuminate\Pipeline\{closure}(Object(Illuminate\Http\Request))
#23 /opt/lampp/htdocs/mannequin/vendor/laravel/framework/src/Illuminate/View/Middleware/ShareErrorsFromSession.php(49): Illuminate\Routing\Pipeline->Illuminate\Routing\{closure}(Object(Illuminate\Http\Request))
#24 /opt/lampp/htdocs/mannequin/vendor/laravel/framework/src/Illuminate/Pipeline/Pipeline.php(137): Illuminate\View\Middleware\ShareErrorsFromSession->handle(Object(Illuminate\Http\Request), Object(Closure))
#25 /opt/lampp/htdocs/mannequin/vendor/laravel/framework/src/Illuminate/Routing/Pipeline.php(33): Illuminate\Pipeline\Pipeline->Illuminate\Pipeline\{closure}(Object(Illuminate\Http\Request))
#26 /opt/lampp/htdocs/mannequin/vendor/laravel/framework/src/Illuminate/Session/Middleware/StartSession.php(64): Illuminate\Routing\Pipeline->Illuminate\Routing\{closure}(Object(Illuminate\Http\Request))
#27 /opt/lampp/htdocs/mannequin/vendor/laravel/framework/src/Illuminate/Pipeline/Pipeline.php(137): Illuminate\Session\Middleware\StartSession->handle(Object(Illuminate\Http\Request), Object(Closure))
#28 /opt/lampp/htdocs/mannequin/vendor/laravel/framework/src/Illuminate/Routing/Pipeline.php(33): Illuminate\Pipeline\Pipeline->Illuminate\Pipeline\{closure}(Object(Illuminate\Http\Request))
#29 /opt/lampp/htdocs/mannequin/vendor/laravel/framework/src/Illuminate/Cookie/Middleware/AddQueuedCookiesToResponse.php(37): Illuminate\Routing\Pipeline->Illuminate\Routing\{closure}(Object(Illuminate\Http\Request))
#30 /opt/lampp/htdocs/mannequin/vendor/laravel/framework/src/Illuminate/Pipeline/Pipeline.php(137): Illuminate\Cookie\Middleware\AddQueuedCookiesToResponse->handle(Object(Illuminate\Http\Request), Object(Closure))
#31 /opt/lampp/htdocs/mannequin/vendor/laravel/framework/src/Illuminate/Routing/Pipeline.php(33): Illuminate\Pipeline\Pipeline->Illuminate\Pipeline\{closure}(Object(Illuminate\Http\Request))
#32 /opt/lampp/htdocs/mannequin/vendor/laravel/framework/src/Illuminate/Cookie/Middleware/EncryptCookies.php(59): Illuminate\Routing\Pipeline->Illuminate\Routing\{closure}(Object(Illuminate\Http\Request))
#33 /opt/lampp/htdocs/mannequin/vendor/laravel/framework/src/Illuminate/Pipeline/Pipeline.php(137): Illuminate\Cookie\Middleware\EncryptCookies->handle(Object(Illuminate\Http\Request), Object(Closure))
#34 /opt/lampp/htdocs/mannequin/vendor/laravel/framework/src/Illuminate/Routing/Pipeline.php(33): Illuminate\Pipeline\Pipeline->Illuminate\Pipeline\{closure}(Object(Illuminate\Http\Request))
#35 /opt/lampp/htdocs/mannequin/vendor/laravel/framework/src/Illuminate/Pipeline/Pipeline.php(104): Illuminate\Routing\Pipeline->Illuminate\Routing\{closure}(Object(Illuminate\Http\Request))
#36 /opt/lampp/htdocs/mannequin/vendor/laravel/framework/src/Illuminate/Routing/Router.php(644): Illuminate\Pipeline\Pipeline->then(Object(Closure))
#37 /opt/lampp/htdocs/mannequin/vendor/laravel/framework/src/Illuminate/Routing/Router.php(618): Illuminate\Routing\Router->runRouteWithinStack(Object(Illuminate\Routing\Route), Object(Illuminate\Http\Request))
#38 /opt/lampp/htdocs/mannequin/vendor/laravel/framework/src/Illuminate/Routing/Router.php(596): Illuminate\Routing\Router->dispatchToRoute(Object(Illuminate\Http\Request))
#39 /opt/lampp/htdocs/mannequin/vendor/laravel/framework/src/Illuminate/Foundation/Http/Kernel.php(268): Illuminate\Routing\Router->dispatch(Object(Illuminate\Http\Request))
#40 /opt/lampp/htdocs/mannequin/vendor/laravel/framework/src/Illuminate/Routing/Pipeline.php(53): Illuminate\Foundation\Http\Kernel->Illuminate\Foundation\Http\{closure}(Object(Illuminate\Http\Request))
#41 /opt/lampp/htdocs/mannequin/vendor/barryvdh/laravel-debugbar/src/Middleware/Debugbar.php(51): Illuminate\Routing\Pipeline->Illuminate\Routing\{closure}(Object(Illuminate\Http\Request))
#42 /opt/lampp/htdocs/mannequin/vendor/laravel/framework/src/Illuminate/Pipeline/Pipeline.php(137): Barryvdh\Debugbar\Middleware\Debugbar->handle(Object(Illuminate\Http\Request), Object(Closure))
#43 /opt/lampp/htdocs/mannequin/vendor/laravel/framework/src/Illuminate/Routing/Pipeline.php(33): Illuminate\Pipeline\Pipeline->Illuminate\Pipeline\{closure}(Object(Illuminate\Http\Request))
#44 /opt/lampp/htdocs/mannequin/app/Http/Middleware/SecurityHeaders.php(17): Illuminate\Routing\Pipeline->Illuminate\Routing\{closure}(Object(Illuminate\Http\Request))
#45 /opt/lampp/htdocs/mannequin/vendor/laravel/framework/src/Illuminate/Pipeline/Pipeline.php(137): App\Http\Middleware\SecurityHeaders->handle(Object(Illuminate\Http\Request), Object(Closure))
#46 /opt/lampp/htdocs/mannequin/vendor/laravel/framework/src/Illuminate/Routing/Pipeline.php(33): Illuminate\Pipeline\Pipeline->Illuminate\Pipeline\{closure}(Object(Illuminate\Http\Request))
#47 /opt/lampp/htdocs/mannequin/vendor/laravel/framework/src/Illuminate/Foundation/Http/Middleware/CheckForMaintenanceMode.php(46): Illuminate\Routing\Pipeline->Illuminate\Routing\{closure}(Object(Illuminate\Http\Request))
#48 /opt/lampp/htdocs/mannequin/vendor/laravel/framework/src/Illuminate/Pipeline/Pipeline.php(137): Illuminate\Foundation\Http\Middleware\CheckForMaintenanceMode->handle(Object(Illuminate\Http\Request), Object(Closure))
#49 /opt/lampp/htdocs/mannequin/vendor/laravel/framework/src/Illuminate/Routing/Pipeline.php(33): Illuminate\Pipeline\Pipeline->Illuminate\Pipeline\{closure}(Object(Illuminate\Http\Request))
#50 /opt/lampp/htdocs/mannequin/vendor/laravel/framework/src/Illuminate/Pipeline/Pipeline.php(104): Illuminate\Routing\Pipeline->Illuminate\Routing\{closure}(Object(Illuminate\Http\Request))
#51 /opt/lampp/htdocs/mannequin/vendor/laravel/framework/src/Illuminate/Foundation/Http/Kernel.php(150): Illuminate\Pipeline\Pipeline->then(Object(Closure))
#52 /opt/lampp/htdocs/mannequin/vendor/laravel/framework/src/Illuminate/Foundation/Http/Kernel.php(117): Illuminate\Foundation\Http\Kernel->sendRequestThroughRouter(Object(Illuminate\Http\Request))
#53 /opt/lampp/htdocs/mannequin/public/index.php(53): Illuminate\Foundation\Http\Kernel->handle(Object(Illuminate\Http\Request))
#54 /opt/lampp/htdocs/mannequin/server.php(21): require_once('/opt/lampp/htdo...')
#55 {main}  
